Seq	Host	Starttime	JobRuntime	Send	Receive	Exitval	Signal	Command
1	:	1471550271.682	     4.088	0	1877	0	0	./luigi_test_wrapper.py /nfs/fastq16/ALIGNMENT/BUILD37/DRAGEN/GENOME/b57mod028
19	:	1471550271.718	     4.537	0	1907	0	0	./luigi_test_wrapper.py /nfs/fastq16/ALIGNMENT/BUILD37/DRAGEN/GENOME/isnd27280am3
17	:	1471550271.714	     4.546	0	1947	0	0	./luigi_test_wrapper.py /nfs/fastq16/ALIGNMENT/BUILD37/DRAGEN/GENOME/ocd3203367065np1
18	:	1471550271.716	     4.564	0	1947	0	0	./luigi_test_wrapper.py /nfs/fastq16/ALIGNMENT/BUILD37/DRAGEN/GENOME/ocd3285162950oc1
2	:	1471550271.684	     4.608	0	1877	0	0	./luigi_test_wrapper.py /nfs/fastq16/ALIGNMENT/BUILD37/DRAGEN/GENOME/b57mod139
8	:	1471550271.697	     4.599	0	1927	0	0	./luigi_test_wrapper.py /nfs/fastq16/ALIGNMENT/BUILD37/DRAGEN/GENOME/lgsnd38174bhb3
12	:	1471550271.705	     4.597	0	1947	0	0	./luigi_test_wrapper.py /nfs/fastq16/ALIGNMENT/BUILD37/DRAGEN/GENOME/ocd2179978710ms1
14	:	1471550271.709	     4.609	0	1947	0	0	./luigi_test_wrapper.py /nfs/fastq16/ALIGNMENT/BUILD37/DRAGEN/GENOME/ocd2703518077nm1
6	:	1471550271.694	     4.634	0	1907	0	0	./luigi_test_wrapper.py /nfs/fastq16/ALIGNMENT/BUILD37/DRAGEN/GENOME/isnd29197bk2
7	:	1471550271.696	     4.669	0	1907	0	0	./luigi_test_wrapper.py /nfs/fastq16/ALIGNMENT/BUILD37/DRAGEN/GENOME/isnd29198bk3
4	:	1471550271.689	     4.682	0	1907	0	0	./luigi_test_wrapper.py /nfs/fastq16/ALIGNMENT/BUILD37/DRAGEN/GENOME/isnd29056bf3
20	:	1471550271.720	     4.657	0	1897	0	0	./luigi_test_wrapper.py /nfs/fastq16/ALIGNMENT/BUILD37/DRAGEN/GENOME/isnd25073u2
16	:	1471550271.712	     4.680	0	1947	0	0	./luigi_test_wrapper.py /nfs/fastq16/ALIGNMENT/BUILD37/DRAGEN/GENOME/ocd3106486968nk1
5	:	1471550271.691	     4.706	0	1907	0	0	./luigi_test_wrapper.py /nfs/fastq16/ALIGNMENT/BUILD37/DRAGEN/GENOME/isnd29113bh3
9	:	1471550271.699	     4.703	0	1927	0	0	./luigi_test_wrapper.py /nfs/fastq16/ALIGNMENT/BUILD37/DRAGEN/GENOME/lgsnd38277bhd2
10	:	1471550271.701	     4.703	0	1927	0	0	./luigi_test_wrapper.py /nfs/fastq16/ALIGNMENT/BUILD37/DRAGEN/GENOME/lgsnd39455bhu3
13	:	1471550271.707	     4.703	0	1947	0	0	./luigi_test_wrapper.py /nfs/fastq16/ALIGNMENT/BUILD37/DRAGEN/GENOME/ocd2246577277mn1
15	:	1471550271.711	     4.704	0	1947	0	0	./luigi_test_wrapper.py /nfs/fastq16/ALIGNMENT/BUILD37/DRAGEN/GENOME/ocd2974490281mx1
3	:	1471550271.686	     4.736	0	1877	0	0	./luigi_test_wrapper.py /nfs/fastq16/ALIGNMENT/BUILD37/DRAGEN/GENOME/b57mod140
11	:	1471550271.703	     4.723	0	1927	0	0	./luigi_test_wrapper.py /nfs/fastq16/ALIGNMENT/BUILD37/DRAGEN/GENOME/lgsnd39605ajj3
21	:	1471550275.774	     4.253	0	1917	0	0	./luigi_test_wrapper.py /nfs/fastq16/ALIGNMENT/BUILD37/DRAGEN/GENOME/lgsnd36162lc2
31	:	1471550276.375	     3.753	0	1947	0	0	./luigi_test_wrapper.py /nfs/fastq16/ALIGNMENT/BUILD37/DRAGEN/GENOME/ocd4001133344mv1
27	:	1471550276.305	     3.973	0	1957	0	0	./luigi_test_wrapper.py /nfs/fastq16/ALIGNMENT/BUILD37/DRAGEN/GENOME/lgsepgp016253ahe2
39	:	1471550276.427	     3.865	0	1907	0	0	./luigi_test_wrapper.py /nfs/fastq16/ALIGNMENT/BUILD37/DRAGEN/GENOME/isnd33999et3
23	:	1471550276.265	     4.032	0	1927	0	0	./luigi_test_wrapper.py /nfs/fastq16/ALIGNMENT/BUILD37/DRAGEN/GENOME/pvhnd40501bij3
29	:	1471550276.333	     3.969	0	1947	0	0	./luigi_test_wrapper.py /nfs/fastq16/ALIGNMENT/BUILD37/DRAGEN/GENOME/ocd4001129436nf1
40	:	1471550276.432	     3.927	0	1907	0	0	./luigi_test_wrapper.py /nfs/fastq16/ALIGNMENT/BUILD37/DRAGEN/GENOME/isnd36497fz3
32	:	1471550276.381	     4.006	0	1947	0	0	./luigi_test_wrapper.py /nfs/fastq16/ALIGNMENT/BUILD37/DRAGEN/GENOME/ocd4001134134nc1
24	:	1471550276.284	     4.107	0	1947	0	0	./luigi_test_wrapper.py /nfs/fastq16/ALIGNMENT/BUILD37/DRAGEN/GENOME/ocd9984911750nb1
26	:	1471550276.300	     4.141	0	1957	0	0	./luigi_test_wrapper.py /nfs/fastq16/ALIGNMENT/BUILD37/DRAGEN/GENOME/lgsepgp016342bhu2
35	:	1471550276.404	     4.042	0	1907	0	0	./luigi_test_wrapper.py /nfs/fastq16/ALIGNMENT/BUILD37/DRAGEN/GENOME/isnd31817dm2
34	:	1471550276.401	     4.056	0	1907	0	0	./luigi_test_wrapper.py /nfs/fastq16/ALIGNMENT/BUILD37/DRAGEN/GENOME/isnd31113da2
36	:	1471550276.406	     4.057	0	1907	0	0	./luigi_test_wrapper.py /nfs/fastq16/ALIGNMENT/BUILD37/DRAGEN/GENOME/isnd33460el2
25	:	1471550276.294	     4.189	0	1947	0	0	./luigi_test_wrapper.py /nfs/fastq16/ALIGNMENT/BUILD37/DRAGEN/GENOME/ocd9004596739no1
37	:	1471550276.415	     4.077	0	1907	0	0	./luigi_test_wrapper.py /nfs/fastq16/ALIGNMENT/BUILD37/DRAGEN/GENOME/isnd33822ep3
38	:	1471550276.419	     4.133	0	1907	0	0	./luigi_test_wrapper.py /nfs/fastq16/ALIGNMENT/BUILD37/DRAGEN/GENOME/isnd33998et2
22	:	1471550276.259	     4.302	0	1927	0	0	./luigi_test_wrapper.py /nfs/fastq16/ALIGNMENT/BUILD37/DRAGEN/GENOME/pvhnd40504bij2
30	:	1471550276.371	     4.246	0	1947	0	0	./luigi_test_wrapper.py /nfs/fastq16/ALIGNMENT/BUILD37/DRAGEN/GENOME/ocd4001131646mp1
33	:	1471550276.396	     4.334	0	1907	0	0	./luigi_test_wrapper.py /nfs/fastq16/ALIGNMENT/BUILD37/DRAGEN/GENOME/isnd29380bu3
28	:	1471550276.322	     4.424	0	1957	0	0	./luigi_test_wrapper.py /nfs/fastq16/ALIGNMENT/BUILD37/DRAGEN/GENOME/lgsepgp016252ahe3
41	:	1471550280.032	     3.898	0	1907	0	0	./luigi_test_wrapper.py /nfs/fastq16/ALIGNMENT/BUILD37/DRAGEN/GENOME/isnd36563ga2
44	:	1471550280.297	     3.639	0	1917	0	0	./luigi_test_wrapper.py /nfs/fastq16/ALIGNMENT/BUILD37/DRAGEN/GENOME/lgsnd31576jm3
42	:	1471550280.133	     3.813	0	1917	0	0	./luigi_test_wrapper.py /nfs/fastq16/ALIGNMENT/BUILD37/DRAGEN/GENOME/isnd39426aio2
47	:	1471550280.362	     3.598	0	1917	0	0	./luigi_test_wrapper.py /nfs/fastq16/ALIGNMENT/BUILD37/DRAGEN/GENOME/lgsnd32647kl2
46	:	1471550280.305	     3.667	0	1917	0	0	./luigi_test_wrapper.py /nfs/fastq16/ALIGNMENT/BUILD37/DRAGEN/GENOME/lgsnd32563jz3
45	:	1471550280.301	     3.722	0	1917	0	0	./luigi_test_wrapper.py /nfs/fastq16/ALIGNMENT/BUILD37/DRAGEN/GENOME/lgsnd32500jx2
43	:	1471550280.282	     3.789	0	1917	0	0	./luigi_test_wrapper.py /nfs/fastq16/ALIGNMENT/BUILD37/DRAGEN/GENOME/isnd39427aio3
55	:	1471550280.495	     3.855	0	1877	0	0	./luigi_test_wrapper.py /nfs/fastq16/ALIGNMENT/BUILD37/DRAGEN/GENOME/b57mod007
49	:	1471550280.394	     3.973	0	1917	0	0	./luigi_test_wrapper.py /nfs/fastq16/ALIGNMENT/BUILD37/DRAGEN/GENOME/lgsnd36607lf3
50	:	1471550280.445	     3.990	0	1927	0	0	./luigi_test_wrapper.py /nfs/fastq16/ALIGNMENT/BUILD37/DRAGEN/GENOME/lgsnd38173bhb2
48	:	1471550280.390	     4.095	0	1917	0	0	./luigi_test_wrapper.py /nfs/fastq16/ALIGNMENT/BUILD37/DRAGEN/GENOME/lgsnd35819lf2
52	:	1471550280.461	     4.137	0	1877	0	0	./luigi_test_wrapper.py /nfs/fastq16/ALIGNMENT/BUILD37/DRAGEN/GENOME/b57mod002
51	:	1471550280.450	     4.154	0	1877	0	0	./luigi_test_wrapper.py /nfs/fastq16/ALIGNMENT/BUILD37/DRAGEN/GENOME/b57mod001
58	:	1471550280.622	     4.000	0	1877	0	0	./luigi_test_wrapper.py /nfs/fastq16/ALIGNMENT/BUILD37/DRAGEN/GENOME/b57mod010
57	:	1471550280.564	     4.082	0	1877	0	0	./luigi_test_wrapper.py /nfs/fastq16/ALIGNMENT/BUILD37/DRAGEN/GENOME/b57mod009
54	:	1471550280.487	     4.164	0	1877	0	0	./luigi_test_wrapper.py /nfs/fastq16/ALIGNMENT/BUILD37/DRAGEN/GENOME/b57mod005
53	:	1471550280.467	     4.191	0	1877	0	0	./luigi_test_wrapper.py /nfs/fastq16/ALIGNMENT/BUILD37/DRAGEN/GENOME/b57mod003
56	:	1471550280.556	     4.109	0	1877	0	0	./luigi_test_wrapper.py /nfs/fastq16/ALIGNMENT/BUILD37/DRAGEN/GENOME/b57mod008
59	:	1471550280.735	     3.936	0	1877	0	0	./luigi_test_wrapper.py /nfs/fastq16/ALIGNMENT/BUILD37/DRAGEN/GENOME/b57mod011
60	:	1471550280.750	     3.927	0	1877	0	0	./luigi_test_wrapper.py /nfs/fastq16/ALIGNMENT/BUILD37/DRAGEN/GENOME/b57mod012
62	:	1471550283.940	     3.703	0	1877	0	0	./luigi_test_wrapper.py /nfs/fastq16/ALIGNMENT/BUILD37/DRAGEN/GENOME/b57mod015
65	:	1471550283.977	     3.671	0	1877	0	0	./luigi_test_wrapper.py /nfs/fastq16/ALIGNMENT/BUILD37/DRAGEN/GENOME/b57mod024
66	:	1471550284.028	     3.623	0	1877	0	0	./luigi_test_wrapper.py /nfs/fastq16/ALIGNMENT/BUILD37/DRAGEN/GENOME/b57mod026
67	:	1471550284.075	     3.579	0	1877	0	0	./luigi_test_wrapper.py /nfs/fastq16/ALIGNMENT/BUILD37/DRAGEN/GENOME/b57mod027
72	:	1471550284.604	     3.054	0	1877	0	0	./luigi_test_wrapper.py /nfs/fastq16/ALIGNMENT/BUILD37/DRAGEN/GENOME/b57mod037
70	:	1471550284.439	     3.245	0	1877	0	0	./luigi_test_wrapper.py /nfs/fastq16/ALIGNMENT/BUILD37/DRAGEN/GENOME/b57mod032
68	:	1471550284.353	     3.355	0	1877	0	0	./luigi_test_wrapper.py /nfs/fastq16/ALIGNMENT/BUILD37/DRAGEN/GENOME/b57mod029
64	:	1471550283.965	     3.775	0	1877	0	0	./luigi_test_wrapper.py /nfs/fastq16/ALIGNMENT/BUILD37/DRAGEN/GENOME/b57mod023
63	:	1471550283.950	     3.794	0	1877	0	0	./luigi_test_wrapper.py /nfs/fastq16/ALIGNMENT/BUILD37/DRAGEN/GENOME/b57mod021
61	:	1471550283.935	     3.815	0	1877	0	0	./luigi_test_wrapper.py /nfs/fastq16/ALIGNMENT/BUILD37/DRAGEN/GENOME/b57mod014
73	:	1471550284.609	     3.302	0	1877	0	0	./luigi_test_wrapper.py /nfs/fastq16/ALIGNMENT/BUILD37/DRAGEN/GENOME/b57mod040
69	:	1471550284.372	     3.588	0	1877	0	0	./luigi_test_wrapper.py /nfs/fastq16/ALIGNMENT/BUILD37/DRAGEN/GENOME/b57mod031
71	:	1471550284.490	     3.473	0	1877	0	0	./luigi_test_wrapper.py /nfs/fastq16/ALIGNMENT/BUILD37/DRAGEN/GENOME/b57mod033
80	:	1471550284.682	     3.289	0	1877	0	0	./luigi_test_wrapper.py /nfs/fastq16/ALIGNMENT/BUILD37/DRAGEN/GENOME/b57mod051
78	:	1471550284.670	     3.304	0	1877	0	0	./luigi_test_wrapper.py /nfs/fastq16/ALIGNMENT/BUILD37/DRAGEN/GENOME/b57mod048
75	:	1471550284.651	     3.328	0	1877	0	0	./luigi_test_wrapper.py /nfs/fastq16/ALIGNMENT/BUILD37/DRAGEN/GENOME/b57mod042
77	:	1471550284.665	     3.318	0	1877	0	0	./luigi_test_wrapper.py /nfs/fastq16/ALIGNMENT/BUILD37/DRAGEN/GENOME/b57mod046
74	:	1471550284.628	     3.358	0	1877	0	0	./luigi_test_wrapper.py /nfs/fastq16/ALIGNMENT/BUILD37/DRAGEN/GENOME/b57mod041
79	:	1471550284.676	     3.312	0	1917	0	0	./luigi_test_wrapper.py /nfs/fastq16/ALIGNMENT/BUILD37/DRAGEN/GENOME/pvhnd35978nr2
76	:	1471550284.658	     3.358	0	1877	0	0	./luigi_test_wrapper.py /nfs/fastq16/ALIGNMENT/BUILD37/DRAGEN/GENOME/b57mod045
82	:	1471550287.651	     3.421	0	1877	0	0	./luigi_test_wrapper.py /nfs/fastq16/ALIGNMENT/BUILD37/DRAGEN/GENOME/b57mod053
84	:	1471550287.658	     3.496	0	1877	0	0	./luigi_test_wrapper.py /nfs/fastq16/ALIGNMENT/BUILD37/DRAGEN/GENOME/b57mod055
88	:	1471550287.744	     3.555	0	1877	0	0	./luigi_test_wrapper.py /nfs/fastq16/ALIGNMENT/BUILD37/DRAGEN/GENOME/b57mod060
90	:	1471550287.755	     3.550	0	1877	0	0	./luigi_test_wrapper.py /nfs/fastq16/ALIGNMENT/BUILD37/DRAGEN/GENOME/b57mod062
83	:	1471550287.655	     3.687	0	1877	0	0	./luigi_test_wrapper.py /nfs/fastq16/ALIGNMENT/BUILD37/DRAGEN/GENOME/b57mod054
91	:	1471550287.917	     3.473	0	1877	0	0	./luigi_test_wrapper.py /nfs/fastq16/ALIGNMENT/BUILD37/DRAGEN/GENOME/b57mod063
85	:	1471550287.662	     3.769	0	1877	0	0	./luigi_test_wrapper.py /nfs/fastq16/ALIGNMENT/BUILD37/DRAGEN/GENOME/b57mod056
81	:	1471550287.647	     3.787	0	1877	0	0	./luigi_test_wrapper.py /nfs/fastq16/ALIGNMENT/BUILD37/DRAGEN/GENOME/b57mod052
87	:	1471550287.713	     3.734	0	1877	0	0	./luigi_test_wrapper.py /nfs/fastq16/ALIGNMENT/BUILD37/DRAGEN/GENOME/b57mod058
92	:	1471550287.963	     3.496	0	1877	0	0	./luigi_test_wrapper.py /nfs/fastq16/ALIGNMENT/BUILD37/DRAGEN/GENOME/b57mod064
86	:	1471550287.689	     3.777	0	1877	0	0	./luigi_test_wrapper.py /nfs/fastq16/ALIGNMENT/BUILD37/DRAGEN/GENOME/b57mod057
93	:	1471550287.968	     3.536	0	1877	0	0	./luigi_test_wrapper.py /nfs/fastq16/ALIGNMENT/BUILD37/DRAGEN/GENOME/b57mod065
89	:	1471550287.750	     3.759	0	1877	0	0	./luigi_test_wrapper.py /nfs/fastq16/ALIGNMENT/BUILD37/DRAGEN/GENOME/b57mod061
97	:	1471550287.985	     3.528	0	1877	0	0	./luigi_test_wrapper.py /nfs/fastq16/ALIGNMENT/BUILD37/DRAGEN/GENOME/b57mod069
96	:	1471550287.982	     3.572	0	1877	0	0	./luigi_test_wrapper.py /nfs/fastq16/ALIGNMENT/BUILD37/DRAGEN/GENOME/b57mod068
95	:	1471550287.978	     3.584	0	1877	0	0	./luigi_test_wrapper.py /nfs/fastq16/ALIGNMENT/BUILD37/DRAGEN/GENOME/b57mod067
94	:	1471550287.974	     3.592	0	1877	0	0	./luigi_test_wrapper.py /nfs/fastq16/ALIGNMENT/BUILD37/DRAGEN/GENOME/b57mod066
98	:	1471550287.989	     3.583	0	1877	0	0	./luigi_test_wrapper.py /nfs/fastq16/ALIGNMENT/BUILD37/DRAGEN/GENOME/b57mod070
99	:	1471550287.993	     3.615	0	1877	0	0	./luigi_test_wrapper.py /nfs/fastq16/ALIGNMENT/BUILD37/DRAGEN/GENOME/b57mod071
100	:	1471550288.019	     3.924	0	1877	0	0	./luigi_test_wrapper.py /nfs/fastq16/ALIGNMENT/BUILD37/DRAGEN/GENOME/b57mod072
101	:	1471550291.076	     3.870	0	1877	0	0	./luigi_test_wrapper.py /nfs/fastq16/ALIGNMENT/BUILD37/DRAGEN/GENOME/b57mod074
102	:	1471550291.158	     3.792	0	1877	0	0	./luigi_test_wrapper.py /nfs/fastq16/ALIGNMENT/BUILD37/DRAGEN/GENOME/b57mod075
108	:	1471550291.439	     3.719	0	1877	0	0	./luigi_test_wrapper.py /nfs/fastq16/ALIGNMENT/BUILD37/DRAGEN/GENOME/b57mod081
105	:	1471550291.348	     3.820	0	1877	0	0	./luigi_test_wrapper.py /nfs/fastq16/ALIGNMENT/BUILD37/DRAGEN/GENOME/b57mod078
109	:	1471550291.452	     3.722	0	1877	0	0	./luigi_test_wrapper.py /nfs/fastq16/ALIGNMENT/BUILD37/DRAGEN/GENOME/b57mod082
113	:	1471550291.512	     3.671	0	1877	0	0	./luigi_test_wrapper.py /nfs/fastq16/ALIGNMENT/BUILD37/DRAGEN/GENOME/b57mod086
106	:	1471550291.394	     3.809	0	1877	0	0	./luigi_test_wrapper.py /nfs/fastq16/ALIGNMENT/BUILD37/DRAGEN/GENOME/b57mod079
104	:	1471550291.309	     3.915	0	1877	0	0	./luigi_test_wrapper.py /nfs/fastq16/ALIGNMENT/BUILD37/DRAGEN/GENOME/b57mod077
116	:	1471550291.566	     3.678	0	1877	0	0	./luigi_test_wrapper.py /nfs/fastq16/ALIGNMENT/BUILD37/DRAGEN/GENOME/b57mod090
103	:	1471550291.305	     3.948	0	1877	0	0	./luigi_test_wrapper.py /nfs/fastq16/ALIGNMENT/BUILD37/DRAGEN/GENOME/b57mod076
110	:	1471550291.463	     3.819	0	1877	0	0	./luigi_test_wrapper.py /nfs/fastq16/ALIGNMENT/BUILD37/DRAGEN/GENOME/b57mod083
112	:	1471550291.508	     3.824	0	1877	0	0	./luigi_test_wrapper.py /nfs/fastq16/ALIGNMENT/BUILD37/DRAGEN/GENOME/b57mod085
114	:	1471550291.517	     3.819	0	1877	0	0	./luigi_test_wrapper.py /nfs/fastq16/ALIGNMENT/BUILD37/DRAGEN/GENOME/b57mod088
115	:	1471550291.559	     3.780	0	1877	0	0	./luigi_test_wrapper.py /nfs/fastq16/ALIGNMENT/BUILD37/DRAGEN/GENOME/b57mod089
119	:	1471550291.613	     3.762	0	1877	0	0	./luigi_test_wrapper.py /nfs/fastq16/ALIGNMENT/BUILD37/DRAGEN/GENOME/b57mod093
111	:	1471550291.470	     3.921	0	1877	0	0	./luigi_test_wrapper.py /nfs/fastq16/ALIGNMENT/BUILD37/DRAGEN/GENOME/b57mod084
107	:	1471550291.435	     3.979	0	1877	0	0	./luigi_test_wrapper.py /nfs/fastq16/ALIGNMENT/BUILD37/DRAGEN/GENOME/b57mod080
117	:	1471550291.572	     3.927	0	1877	0	0	./luigi_test_wrapper.py /nfs/fastq16/ALIGNMENT/BUILD37/DRAGEN/GENOME/b57mod091
118	:	1471550291.580	     4.016	0	1877	0	0	./luigi_test_wrapper.py /nfs/fastq16/ALIGNMENT/BUILD37/DRAGEN/GENOME/b57mod092
120	:	1471550291.947	     3.776	0	1877	0	0	./luigi_test_wrapper.py /nfs/fastq16/ALIGNMENT/BUILD37/DRAGEN/GENOME/b57mod094
122	:	1471550294.953	     5.493	0	1877	0	0	./luigi_test_wrapper.py /nfs/fastq16/ALIGNMENT/BUILD37/DRAGEN/GENOME/b57mod096
129	:	1471550295.249	     5.270	0	1877	0	0	./luigi_test_wrapper.py /nfs/fastq16/ALIGNMENT/BUILD37/DRAGEN/GENOME/b57mod104
123	:	1471550295.161	     5.375	0	1877	0	0	./luigi_test_wrapper.py /nfs/fastq16/ALIGNMENT/BUILD37/DRAGEN/GENOME/b57mod097
132	:	1471550295.336	     5.217	0	1877	0	0	./luigi_test_wrapper.py /nfs/fastq16/ALIGNMENT/BUILD37/DRAGEN/GENOME/b57mod107
125	:	1471550295.179	     5.386	0	1877	0	0	./luigi_test_wrapper.py /nfs/fastq16/ALIGNMENT/BUILD37/DRAGEN/GENOME/b57mod100
124	:	1471550295.172	     5.450	0	1877	0	0	./luigi_test_wrapper.py /nfs/fastq16/ALIGNMENT/BUILD37/DRAGEN/GENOME/b57mod099
128	:	1471550295.229	     5.405	0	1877	0	0	./luigi_test_wrapper.py /nfs/fastq16/ALIGNMENT/BUILD37/DRAGEN/GENOME/b57mod103
134	:	1471550295.343	     5.297	0	1877	0	0	./luigi_test_wrapper.py /nfs/fastq16/ALIGNMENT/BUILD37/DRAGEN/GENOME/b57mod109
127	:	1471550295.208	     5.549	0	1877	0	0	./luigi_test_wrapper.py /nfs/fastq16/ALIGNMENT/BUILD37/DRAGEN/GENOME/b57mod102
131	:	1471550295.286	     5.609	0	1877	0	0	./luigi_test_wrapper.py /nfs/fastq16/ALIGNMENT/BUILD37/DRAGEN/GENOME/b57mod106
139	:	1471550295.601	     5.332	0	1877	0	0	./luigi_test_wrapper.py /nfs/fastq16/ALIGNMENT/BUILD37/DRAGEN/GENOME/b57mod114
133	:	1471550295.340	     5.646	0	1877	0	0	./luigi_test_wrapper.py /nfs/fastq16/ALIGNMENT/BUILD37/DRAGEN/GENOME/b57mod108
137	:	1471550295.417	     5.575	0	1877	0	0	./luigi_test_wrapper.py /nfs/fastq16/ALIGNMENT/BUILD37/DRAGEN/GENOME/b57mod112
136	:	1471550295.394	     5.622	0	1877	0	0	./luigi_test_wrapper.py /nfs/fastq16/ALIGNMENT/BUILD37/DRAGEN/GENOME/b57mod111
121	:	1471550294.950	     6.134	0	1877	0	0	./luigi_test_wrapper.py /nfs/fastq16/ALIGNMENT/BUILD37/DRAGEN/GENOME/b57mod095
126	:	1471550295.188	     6.006	0	1877	0	0	./luigi_test_wrapper.py /nfs/fastq16/ALIGNMENT/BUILD37/DRAGEN/GENOME/b57mod101
135	:	1471550295.379	     5.901	0	1877	0	0	./luigi_test_wrapper.py /nfs/fastq16/ALIGNMENT/BUILD37/DRAGEN/GENOME/b57mod110
140	:	1471550295.727	     5.674	0	1877	0	0	./luigi_test_wrapper.py /nfs/fastq16/ALIGNMENT/BUILD37/DRAGEN/GENOME/b57mod115
138	:	1471550295.503	     5.970	0	1877	0	0	./luigi_test_wrapper.py /nfs/fastq16/ALIGNMENT/BUILD37/DRAGEN/GENOME/b57mod113
142	:	1471550300.523	     3.914	0	1877	0	0	./luigi_test_wrapper.py /nfs/fastq16/ALIGNMENT/BUILD37/DRAGEN/GENOME/b57mod119
143	:	1471550300.541	     3.925	0	1877	0	0	./luigi_test_wrapper.py /nfs/fastq16/ALIGNMENT/BUILD37/DRAGEN/GENOME/b57mod120
141	:	1471550300.451	     4.066	0	1877	0	0	./luigi_test_wrapper.py /nfs/fastq16/ALIGNMENT/BUILD37/DRAGEN/GENOME/b57mod118
146	:	1471550300.627	 10100.662	0	1877	0	0	./luigi_test_wrapper.py /nfs/fastq16/ALIGNMENT/BUILD37/DRAGEN/GENOME/b57mod125
162	:	1471550304.521	 11602.641	0	1877	0	0	./luigi_test_wrapper.py /nfs/fastq16/ALIGNMENT/BUILD37/DRAGEN/GENOME/b57mod145
158	:	1471550301.404	 11996.555	0	1877	0	0	./luigi_test_wrapper.py /nfs/fastq16/ALIGNMENT/BUILD37/DRAGEN/GENOME/b57mod138
147	:	1471550300.639	 12118.121	0	1877	0	0	./luigi_test_wrapper.py /nfs/fastq16/ALIGNMENT/BUILD37/DRAGEN/GENOME/b57mod126
148	:	1471550300.644	 12176.882	0	1877	0	0	./luigi_test_wrapper.py /nfs/fastq16/ALIGNMENT/BUILD37/DRAGEN/GENOME/b57mod127
161	:	1471550304.472	 12762.340	0	1877	0	0	./luigi_test_wrapper.py /nfs/fastq16/ALIGNMENT/BUILD37/DRAGEN/GENOME/b57mod143
152	:	1471550300.990	 12886.892	0	1877	0	0	./luigi_test_wrapper.py /nfs/fastq16/ALIGNMENT/BUILD37/DRAGEN/GENOME/b57mod131
155	:	1471550301.090	 12901.594	0	1877	0	0	./luigi_test_wrapper.py /nfs/fastq16/ALIGNMENT/BUILD37/DRAGEN/GENOME/b57mod135
153	:	1471550300.995	 13066.965	0	1877	0	0	./luigi_test_wrapper.py /nfs/fastq16/ALIGNMENT/BUILD37/DRAGEN/GENOME/b57mod133
149	:	1471550300.762	 13140.236	0	1877	0	0	./luigi_test_wrapper.py /nfs/fastq16/ALIGNMENT/BUILD37/DRAGEN/GENOME/b57mod128
159	:	1471550301.478	 13204.460	0	1877	0	0	./luigi_test_wrapper.py /nfs/fastq16/ALIGNMENT/BUILD37/DRAGEN/GENOME/b57mod141
151	:	1471550300.937	 13308.273	0	1877	0	0	./luigi_test_wrapper.py /nfs/fastq16/ALIGNMENT/BUILD37/DRAGEN/GENOME/b57mod130
156	:	1471550301.199	 13382.529	0	1877	0	0	./luigi_test_wrapper.py /nfs/fastq16/ALIGNMENT/BUILD37/DRAGEN/GENOME/b57mod136
150	:	1471550300.900	 13700.702	0	1877	0	0	./luigi_test_wrapper.py /nfs/fastq16/ALIGNMENT/BUILD37/DRAGEN/GENOME/b57mod129
154	:	1471550301.021	 13790.480	0	1877	0	0	./luigi_test_wrapper.py /nfs/fastq16/ALIGNMENT/BUILD37/DRAGEN/GENOME/b57mod134
145	:	1471550300.569	 14512.509	0	1877	0	0	./luigi_test_wrapper.py /nfs/fastq16/ALIGNMENT/BUILD37/DRAGEN/GENOME/b57mod123
157	:	1471550301.285	 15173.227	0	1877	0	0	./luigi_test_wrapper.py /nfs/fastq16/ALIGNMENT/BUILD37/DRAGEN/GENOME/b57mod137
130	:	1471550295.258	 15512.537	0	1877	0	0	./luigi_test_wrapper.py /nfs/fastq16/ALIGNMENT/BUILD37/DRAGEN/GENOME/b57mod105
163	:	1471560401.309	  9411.986	0	1877	0	0	./luigi_test_wrapper.py /nfs/fastq16/ALIGNMENT/BUILD37/DRAGEN/GENOME/b57mod146
160	:	1471550304.441	 19749.893	0	1877	0	0	./luigi_test_wrapper.py /nfs/fastq16/ALIGNMENT/BUILD37/DRAGEN/GENOME/b57mod142
167	:	1471562477.532	  9210.457	0	1877	0	0	./luigi_test_wrapper.py /nfs/fastq16/ALIGNMENT/BUILD37/DRAGEN/GENOME/b57mod150
172	:	1471563441.004	  9338.098	0	1877	0	0	./luigi_test_wrapper.py /nfs/fastq16/ALIGNMENT/BUILD37/DRAGEN/GENOME/b57mod155
170	:	1471563202.691	  9606.917	0	1877	0	0	./luigi_test_wrapper.py /nfs/fastq16/ALIGNMENT/BUILD37/DRAGEN/GENOME/b57mod153
169	:	1471563187.889	  9735.151	0	1877	0	0	./luigi_test_wrapper.py /nfs/fastq16/ALIGNMENT/BUILD37/DRAGEN/GENOME/b57mod152
175	:	1471563683.736	  9788.731	0	1877	0	0	./luigi_test_wrapper.py /nfs/fastq16/ALIGNMENT/BUILD37/DRAGEN/GENOME/b57mod158
176	:	1471564001.610	  9827.441	0	1877	0	0	./luigi_test_wrapper.py /nfs/fastq16/ALIGNMENT/BUILD37/DRAGEN/GENOME/b57mod159
166	:	1471562418.770	 11465.335	0	1877	0	0	./luigi_test_wrapper.py /nfs/fastq16/ALIGNMENT/BUILD37/DRAGEN/GENOME/b57mod149
165	:	1471562297.971	 11826.582	0	1877	0	0	./luigi_test_wrapper.py /nfs/fastq16/ALIGNMENT/BUILD37/DRAGEN/GENOME/b57mod148
174	:	1471563609.220	 10516.035	0	1877	0	0	./luigi_test_wrapper.py /nfs/fastq16/ALIGNMENT/BUILD37/DRAGEN/GENOME/b57mod157
171	:	1471563367.967	 10915.473	0	1877	0	0	./luigi_test_wrapper.py /nfs/fastq16/ALIGNMENT/BUILD37/DRAGEN/GENOME/b57mod154
177	:	1471564091.509	 12144.744	0	1877	0	0	./luigi_test_wrapper.py /nfs/fastq16/ALIGNMENT/BUILD37/DRAGEN/GENOME/b57mod160
180	:	1471565807.803	 11122.562	0	1877	0	0	./luigi_test_wrapper.py /nfs/fastq16/ALIGNMENT/BUILD37/DRAGEN/GENOME/b57mod163
168	:	1471563066.822	 14074.868	0	1877	0	0	./luigi_test_wrapper.py /nfs/fastq16/ALIGNMENT/BUILD37/DRAGEN/GENOME/b57mod151
182	:	1471570054.341	  7932.380	0	1877	0	0	./luigi_test_wrapper.py /nfs/fastq16/ALIGNMENT/BUILD37/DRAGEN/GENOME/b57mod165
164	:	1471561907.172	 16139.841	0	1877	0	0	./luigi_test_wrapper.py /nfs/fastq16/ALIGNMENT/BUILD37/DRAGEN/GENOME/b57mod147
181	:	1471569813.302	  9015.177	0	1877	0	0	./luigi_test_wrapper.py /nfs/fastq16/ALIGNMENT/BUILD37/DRAGEN/GENOME/b57mod164
186	:	1471572923.047	  8385.565	0	1877	0	0	./luigi_test_wrapper.py /nfs/fastq16/ALIGNMENT/BUILD37/DRAGEN/GENOME/b57mod176
184	:	1471572779.108	 10789.246	0	1877	0	0	./luigi_test_wrapper.py /nfs/fastq16/ALIGNMENT/BUILD37/DRAGEN/GENOME/b57mod167
190	:	1471574124.560	  9732.072	0	1877	0	0	./luigi_test_wrapper.py /nfs/fastq16/ALIGNMENT/BUILD37/DRAGEN/GENOME/b57mod172
189	:	1471573884.112	 10454.272	0	1877	0	0	./luigi_test_wrapper.py /nfs/fastq16/ALIGNMENT/BUILD37/DRAGEN/GENOME/b57mod171
191	:	1471574125.261	 10724.521	0	1877	0	0	./luigi_test_wrapper.py /nfs/fastq16/ALIGNMENT/BUILD37/DRAGEN/GENOME/b57mod173
192	:	1471574283.450	 11005.674	0	1877	0	0	./luigi_test_wrapper.py /nfs/fastq16/ALIGNMENT/BUILD37/DRAGEN/GENOME/b57mod174
188	:	1471573829.059	 11652.269	0	1877	0	0	./luigi_test_wrapper.py /nfs/fastq16/ALIGNMENT/BUILD37/DRAGEN/GENOME/b57mod170
185	:	1471572809.615	 13590.280	0	1877	0	0	./luigi_test_wrapper.py /nfs/fastq16/ALIGNMENT/BUILD37/DRAGEN/GENOME/b57mod168
193	:	1471576236.263	 10167.211	0	1877	0	0	./luigi_test_wrapper.py /nfs/fastq16/ALIGNMENT/BUILD37/DRAGEN/GENOME/b57mod175
187	:	1471573472.474	 13167.860	0	1877	0	0	./luigi_test_wrapper.py /nfs/fastq16/ALIGNMENT/BUILD37/DRAGEN/GENOME/b57mod169
179	:	1471565474.521	 21454.364	0	1877	0	0	./luigi_test_wrapper.py /nfs/fastq16/ALIGNMENT/BUILD37/DRAGEN/GENOME/b57mod162
183	:	1471571687.999	 15569.324	0	1877	0	0	./luigi_test_wrapper.py /nfs/fastq16/ALIGNMENT/BUILD37/DRAGEN/GENOME/b57mod166
194	:	1471576930.374	 11369.399	0	1877	0	0	./luigi_test_wrapper.py /nfs/fastq16/ALIGNMENT/BUILD37/DRAGEN/GENOME/b57mod177
198	:	1471578828.485	 10102.276	0	1877	0	0	./luigi_test_wrapper.py /nfs/fastq16/ALIGNMENT/BUILD37/DRAGEN/GENOME/b57mod181
195	:	1471577141.699	 12004.054	0	1877	0	0	./luigi_test_wrapper.py /nfs/fastq16/ALIGNMENT/BUILD37/DRAGEN/GENOME/b57mod178
196	:	1471577986.731	 14181.552	0	1877	0	0	./luigi_test_wrapper.py /nfs/fastq16/ALIGNMENT/BUILD37/DRAGEN/GENOME/b57mod179
199	:	1471581308.623	 10883.430	0	1877	0	0	./luigi_test_wrapper.py /nfs/fastq16/ALIGNMENT/BUILD37/DRAGEN/GENOME/b57mod182
202	:	1471584338.392	  8500.157	0	1877	0	0	./luigi_test_wrapper.py /nfs/fastq16/ALIGNMENT/BUILD37/DRAGEN/GENOME/b57mod185
203	:	1471584849.788	  9249.969	0	1877	0	0	./luigi_test_wrapper.py /nfs/fastq16/ALIGNMENT/BUILD37/DRAGEN/GENOME/b57mod186
200	:	1471583568.361	 10858.509	0	1877	0	0	./luigi_test_wrapper.py /nfs/fastq16/ALIGNMENT/BUILD37/DRAGEN/GENOME/b57mod183
206	:	1471586399.903	  8688.808	0	1877	0	0	./luigi_test_wrapper.py /nfs/fastq16/ALIGNMENT/BUILD37/DRAGEN/GENOME/b57mod190
204	:	1471585289.131	 10493.947	0	1877	0	0	./luigi_test_wrapper.py /nfs/fastq16/ALIGNMENT/BUILD37/DRAGEN/GENOME/b57mod187
201	:	1471583856.638	 12016.059	0	1877	0	0	./luigi_test_wrapper.py /nfs/fastq16/ALIGNMENT/BUILD37/DRAGEN/GENOME/b57mod184
205	:	1471585481.338	 12108.532	0	1877	0	0	./luigi_test_wrapper.py /nfs/fastq16/ALIGNMENT/BUILD37/DRAGEN/GENOME/b57mod189
210	:	1471587257.333	 10603.569	0	1877	0	0	./luigi_test_wrapper.py /nfs/fastq16/ALIGNMENT/BUILD37/DRAGEN/GENOME/b57mod194
207	:	1471586403.481	 12148.753	0	1877	0	0	./luigi_test_wrapper.py /nfs/fastq16/ALIGNMENT/BUILD37/DRAGEN/GENOME/b57mod191
211	:	1471588299.781	 10314.334	0	1877	0	0	./luigi_test_wrapper.py /nfs/fastq16/ALIGNMENT/BUILD37/DRAGEN/GENOME/b57mod195
209	:	1471586928.892	 13913.332	0	1877	0	0	./luigi_test_wrapper.py /nfs/fastq16/ALIGNMENT/BUILD37/DRAGEN/GENOME/b57mod193
208	:	1471586640.344	 14229.354	0	1877	0	0	./luigi_test_wrapper.py /nfs/fastq16/ALIGNMENT/BUILD37/DRAGEN/GENOME/b57mod192
216	:	1471592838.555	  8704.439	0	1877	0	0	./luigi_test_wrapper.py /nfs/fastq16/ALIGNMENT/BUILD37/DRAGEN/GENOME/b57mod200
217	:	1471594099.766	 10026.124	0	1847	0	0	./luigi_test_wrapper.py /nfs/fastq16/ALIGNMENT/BUILD37/DRAGEN/GENOME/als021
218	:	1471594426.879	 11714.341	0	1847	0	0	./luigi_test_wrapper.py /nfs/fastq16/ALIGNMENT/BUILD37/DRAGEN/GENOME/als025
214	:	1471592168.292	 14213.674	0	1877	0	0	./luigi_test_wrapper.py /nfs/fastq16/ALIGNMENT/BUILD37/DRAGEN/GENOME/b57mod198
219	:	1471595088.721	 11383.676	0	1847	0	0	./luigi_test_wrapper.py /nfs/fastq16/ALIGNMENT/BUILD37/DRAGEN/GENOME/als051
221	:	1471595872.704	 11379.634	0	1867	0	0	./luigi_test_wrapper.py /nfs/fastq16/ALIGNMENT/BUILD37/DRAGEN/GENOME/als062p1
224	:	1471598552.242	 12763.281	0	1867	0	0	./luigi_test_wrapper.py /nfs/fastq16/ALIGNMENT/BUILD37/DRAGEN/GENOME/als078x1
213	:	1471589145.762	 22889.595	0	1877	0	0	./luigi_test_wrapper.py /nfs/fastq16/ALIGNMENT/BUILD37/DRAGEN/GENOME/b57mod197
220	:	1471595783.088	 16853.323	0	1867	0	0	./luigi_test_wrapper.py /nfs/fastq16/ALIGNMENT/BUILD37/DRAGEN/GENOME/als057n1
228	:	1471601543.005	 11708.915	0	1877	0	0	./luigi_test_wrapper.py /nfs/fastq16/ALIGNMENT/BUILD37/DRAGEN/GENOME/b57mod047
223	:	1471597860.913	 15409.013	0	1867	0	0	./luigi_test_wrapper.py /nfs/fastq16/ALIGNMENT/BUILD37/DRAGEN/GENOME/als075v2
225	:	1471598614.121	 14687.017	0	1877	0	0	./luigi_test_wrapper.py /nfs/fastq16/ALIGNMENT/BUILD37/DRAGEN/GENOME/b57mod019
233	:	1471607252.346	  7343.138	0	1907	0	0	./luigi_test_wrapper.py /nfs/fastq16/ALIGNMENT/BUILD37/DRAGEN/GENOME/buckley19018
226	:	1471600842.234	 14355.490	0	1877	0	0	./luigi_test_wrapper.py /nfs/fastq16/ALIGNMENT/BUILD37/DRAGEN/GENOME/b57mod020
232	:	1471606472.406	  9807.782	0	1877	0	0	./luigi_test_wrapper.py /nfs/fastq16/ALIGNMENT/BUILD37/DRAGEN/GENOME/b57mod144
229	:	1471604125.898	 13367.078	0	1877	0	0	./luigi_test_wrapper.py /nfs/fastq16/ALIGNMENT/BUILD37/DRAGEN/GENOME/b57mod073
231	:	1471606381.976	 12365.277	0	1877	0	0	./luigi_test_wrapper.py /nfs/fastq16/ALIGNMENT/BUILD37/DRAGEN/GENOME/b57mod117
230	:	1471606141.228	 14352.587	0	1877	0	0	./luigi_test_wrapper.py /nfs/fastq16/ALIGNMENT/BUILD37/DRAGEN/GENOME/b57mod116
234	:	1471611315.533	 11416.128	0	1857	0	0	./luigi_test_wrapper.py /nfs/fastq16/ALIGNMENT/BUILD37/DRAGEN/GENOME/cent002
236	:	1471612636.419	 10758.243	0	1867	0	0	./luigi_test_wrapper.py /nfs/fastq16/ALIGNMENT/BUILD37/DRAGEN/GENOME/hemo1043
237	:	1471613251.929	 11105.592	0	1867	0	0	./luigi_test_wrapper.py /nfs/fastq16/ALIGNMENT/BUILD37/DRAGEN/GENOME/hemo1072
235	:	1471612035.363	 12653.830	0	1887	0	0	./luigi_test_wrapper.py /nfs/fastq16/ALIGNMENT/BUILD37/DRAGEN/GENOME/cent008new
212	:	1471588930.768	 35906.670	0	1877	0	0	./luigi_test_wrapper.py /nfs/fastq16/ALIGNMENT/BUILD37/DRAGEN/GENOME/b57mod196
238	:	1471613269.934	 12231.364	0	1867	0	0	./luigi_test_wrapper.py /nfs/fastq16/ALIGNMENT/BUILD37/DRAGEN/GENOME/hemo1119
242	:	1471616280.198	  9914.006	0	1867	0	0	./luigi_test_wrapper.py /nfs/fastq16/ALIGNMENT/BUILD37/DRAGEN/GENOME/als083z2
249	:	1471624689.200	  1549.757	0	1867	0	0	./luigi_test_wrapper.py /nfs/fastq16/ALIGNMENT/BUILD37/DRAGEN/GENOME/hemo1318
241	:	1471615197.731	 11085.430	0	1867	0	0	./luigi_test_wrapper.py /nfs/fastq16/ALIGNMENT/BUILD37/DRAGEN/GENOME/als081y2
243	:	1471617492.985	 10479.430	0	1877	0	0	./luigi_test_wrapper.py /nfs/fastq16/ALIGNMENT/BUILD37/DRAGEN/GENOME/als084aa1
240	:	1471614595.493	 13586.217	0	1897	0	0	./luigi_test_wrapper.py /nfs/fastq16/ALIGNMENT/BUILD37/DRAGEN/GENOME/na18507chgv
245	:	1471620493.824	 10672.098	0	1867	0	0	./luigi_test_wrapper.py /nfs/fastq16/ALIGNMENT/BUILD37/DRAGEN/GENOME/als090u3
244	:	1471618747.260	 14881.039	0	1877	0	0	./luigi_test_wrapper.py /nfs/fastq16/ALIGNMENT/BUILD37/DRAGEN/GENOME/als086ab1
246	:	1471622731.671	 11218.829	0	1877	0	0	./luigi_test_wrapper.py /nfs/fastq16/ALIGNMENT/BUILD37/DRAGEN/GENOME/als091ad1
227	:	1471600869.706	 33084.786	0	1877	0	0	./luigi_test_wrapper.py /nfs/fastq16/ALIGNMENT/BUILD37/DRAGEN/GENOME/b57mod036
252	:	1471626194.214	  8088.226	0	1867	0	0	./luigi_test_wrapper.py /nfs/fastq16/ALIGNMENT/BUILD37/DRAGEN/GENOME/hemo1366
251	:	1471625501.309	  9140.835	0	1867	0	0	./luigi_test_wrapper.py /nfs/fastq16/ALIGNMENT/BUILD37/DRAGEN/GENOME/hemo1353
247	:	1471623394.667	 11375.305	0	1877	0	0	./luigi_test_wrapper.py /nfs/fastq16/ALIGNMENT/BUILD37/DRAGEN/GENOME/als094ae2
248	:	1471624357.529	 11249.072	0	1877	0	0	./luigi_test_wrapper.py /nfs/fastq16/ALIGNMENT/BUILD37/DRAGEN/GENOME/als096af2
255	:	1471627972.424	  7905.575	0	1867	0	0	./luigi_test_wrapper.py /nfs/fastq16/ALIGNMENT/BUILD37/DRAGEN/GENOME/hemo1374
250	:	1471624837.446	 11822.076	0	1867	0	0	./luigi_test_wrapper.py /nfs/fastq16/ALIGNMENT/BUILD37/DRAGEN/GENOME/hemo1349
253	:	1471626238.963	 10609.169	0	1867	0	0	./luigi_test_wrapper.py /nfs/fastq16/ALIGNMENT/BUILD37/DRAGEN/GENOME/hemo1367
254	:	1471626283.168	 10744.138	0	1867	0	0	./luigi_test_wrapper.py /nfs/fastq16/ALIGNMENT/BUILD37/DRAGEN/GENOME/hemo1373
239	:	1471613301.150	 24055.771	0	1867	0	0	./luigi_test_wrapper.py /nfs/fastq16/ALIGNMENT/BUILD37/DRAGEN/GENOME/hemo1210
258	:	1471633628.307	  8259.796	0	1867	0	0	./luigi_test_wrapper.py /nfs/fastq16/ALIGNMENT/BUILD37/DRAGEN/GENOME/hemo1385
257	:	1471631165.931	 10776.094	0	1867	0	0	./luigi_test_wrapper.py /nfs/fastq16/ALIGNMENT/BUILD37/DRAGEN/GENOME/hemo1384
256	:	1471628181.721	 13839.055	0	1867	0	0	./luigi_test_wrapper.py /nfs/fastq16/ALIGNMENT/BUILD37/DRAGEN/GENOME/hemo1381
259	:	1471633950.507	 16445.614	0	1867	0	0	./luigi_test_wrapper.py /nfs/fastq16/ALIGNMENT/BUILD37/DRAGEN/GENOME/hemo1388
261	:	1471634282.450	 16173.565	0	1867	0	0	./luigi_test_wrapper.py /nfs/fastq16/ALIGNMENT/BUILD37/DRAGEN/GENOME/hemo1391
263	:	1471634769.979	 15723.633	0	1867	0	0	./luigi_test_wrapper.py /nfs/fastq16/ALIGNMENT/BUILD37/DRAGEN/GENOME/hemo1445
260	:	1471633954.502	 16561.777	0	1867	0	0	./luigi_test_wrapper.py /nfs/fastq16/ALIGNMENT/BUILD37/DRAGEN/GENOME/hemo1389
262	:	1471634642.149	 16091.933	0	1867	0	0	./luigi_test_wrapper.py /nfs/fastq16/ALIGNMENT/BUILD37/DRAGEN/GENOME/hemo1392
265	:	1471635878.004	 14879.982	0	1867	0	0	./luigi_test_wrapper.py /nfs/fastq16/ALIGNMENT/BUILD37/DRAGEN/GENOME/hemo1448
267	:	1471636848.141	 13909.881	0	1867	0	0	./luigi_test_wrapper.py /nfs/fastq16/ALIGNMENT/BUILD37/DRAGEN/GENOME/hemo1456
264	:	1471635606.607	 15212.148	0	1867	0	0	./luigi_test_wrapper.py /nfs/fastq16/ALIGNMENT/BUILD37/DRAGEN/GENOME/hemo1446
268	:	1471637027.314	 13851.867	0	1867	0	0	./luigi_test_wrapper.py /nfs/fastq16/ALIGNMENT/BUILD37/DRAGEN/GENOME/hemo1457
266	:	1471636659.528	 14340.291	0	1867	0	0	./luigi_test_wrapper.py /nfs/fastq16/ALIGNMENT/BUILD37/DRAGEN/GENOME/hemo1452
269	:	1471637356.933	 18112.667	0	1867	0	0	./luigi_test_wrapper.py /nfs/fastq16/ALIGNMENT/BUILD37/DRAGEN/GENOME/hemo1458
272	:	1471642020.783	 14765.622	0	1917	0	0	./luigi_test_wrapper.py /nfs/fastq16/ALIGNMENT/BUILD37/DRAGEN/GENOME/pvhnd36675nr3
274	:	1471650456.020	 12595.615	0	1877	0	0	./luigi_test_wrapper.py /nfs/fastq16/ALIGNMENT/BUILD37/DRAGEN/GENOME/b57mod124
277	:	1471650734.087	 12382.548	0	1867	0	0	./luigi_test_wrapper.py /nfs/fastq16/ALIGNMENT/BUILD37/DRAGEN/GENOME/hemo1468
271	:	1471641942.031	 21624.701	0	1867	0	0	./luigi_test_wrapper.py /nfs/fastq16/ALIGNMENT/BUILD37/DRAGEN/GENOME/hemo1462
273	:	1471650396.132	 13592.000	0	1877	0	0	./luigi_test_wrapper.py /nfs/fastq16/ALIGNMENT/BUILD37/DRAGEN/GENOME/b57mod050
270	:	1471641888.111	 22671.165	0	1867	0	0	./luigi_test_wrapper.py /nfs/fastq16/ALIGNMENT/BUILD37/DRAGEN/GENOME/hemo1460
281	:	1471650879.186	 14039.980	0	1897	0	0	./luigi_test_wrapper.py /nfs/fastq16/ALIGNMENT/BUILD37/DRAGEN/GENOME/memcent3004
280	:	1471650818.764	 14160.383	0	1897	0	0	./luigi_test_wrapper.py /nfs/fastq16/ALIGNMENT/BUILD37/DRAGEN/GENOME/memcent3003
275	:	1471650493.619	 14672.059	0	1867	0	0	./luigi_test_wrapper.py /nfs/fastq16/ALIGNMENT/BUILD37/DRAGEN/GENOME/hemo1464
279	:	1471650758.028	 14553.920	0	1897	0	0	./luigi_test_wrapper.py /nfs/fastq16/ALIGNMENT/BUILD37/DRAGEN/GENOME/memcent3001
278	:	1471650757.993	 18470.611	0	1867	0	0	./luigi_test_wrapper.py /nfs/fastq16/ALIGNMENT/BUILD37/DRAGEN/GENOME/hemo1471
282	:	1471650999.825	 18866.470	0	1897	0	0	./luigi_test_wrapper.py /nfs/fastq16/ALIGNMENT/BUILD37/DRAGEN/GENOME/memcent3005
286	:	1471663116.643	  8726.627	0	1927	0	0	./luigi_test_wrapper.py /nfs/fastq16/ALIGNMENT/BUILD37/DRAGEN/GENOME/schizsup120003
285	:	1471663051.645	  8852.269	0	1927	0	0	./luigi_test_wrapper.py /nfs/fastq16/ALIGNMENT/BUILD37/DRAGEN/GENOME/schizsup110003
289	:	1471664559.284	  8233.154	0	1927	0	0	./luigi_test_wrapper.py /nfs/fastq16/ALIGNMENT/BUILD37/DRAGEN/GENOME/schizsup240002
283	:	1471655469.611	 17656.082	0	1897	0	0	./luigi_test_wrapper.py /nfs/fastq16/ALIGNMENT/BUILD37/DRAGEN/GENOME/memcent3007
287	:	1471663566.738	 10099.890	0	1927	0	0	./luigi_test_wrapper.py /nfs/fastq16/ALIGNMENT/BUILD37/DRAGEN/GENOME/schizsup190002
292	:	1471665165.684	  8862.138	0	1927	0	0	./luigi_test_wrapper.py /nfs/fastq16/ALIGNMENT/BUILD37/DRAGEN/GENOME/schizsup350003
290	:	1471664919.175	  9590.305	0	1927	0	0	./luigi_test_wrapper.py /nfs/fastq16/ALIGNMENT/BUILD37/DRAGEN/GENOME/schizsup240003
293	:	1471665311.956	  9226.684	0	1927	0	0	./luigi_test_wrapper.py /nfs/fastq16/ALIGNMENT/BUILD37/DRAGEN/GENOME/schizsup410002
288	:	1471663988.141	 10562.529	0	1927	0	0	./luigi_test_wrapper.py /nfs/fastq16/ALIGNMENT/BUILD37/DRAGEN/GENOME/schizsup190003
291	:	1471664979.152	 10703.121	0	1927	0	0	./luigi_test_wrapper.py /nfs/fastq16/ALIGNMENT/BUILD37/DRAGEN/GENOME/schizsup350002
294	:	1471669228.613	  6816.127	0	1927	0	0	./luigi_test_wrapper.py /nfs/fastq16/ALIGNMENT/BUILD37/DRAGEN/GENOME/schizsup490002
295	:	1471669866.303	  9037.713	0	1927	0	0	./luigi_test_wrapper.py /nfs/fastq16/ALIGNMENT/BUILD37/DRAGEN/GENOME/schizsup510002
297	:	1471671903.920	  7993.822	0	1927	0	0	./luigi_test_wrapper.py /nfs/fastq16/ALIGNMENT/BUILD37/DRAGEN/GENOME/schizsup550002
298	:	1471672792.446	  7297.419	0	1927	0	0	./luigi_test_wrapper.py /nfs/fastq16/ALIGNMENT/BUILD37/DRAGEN/GENOME/schizsup630002
300	:	1471673666.637	  6905.806	0	1927	0	0	./luigi_test_wrapper.py /nfs/fastq16/ALIGNMENT/BUILD37/DRAGEN/GENOME/schizsup630003
299	:	1471673125.699	  9281.602	0	1927	0	0	./luigi_test_wrapper.py /nfs/fastq16/ALIGNMENT/BUILD37/DRAGEN/GENOME/schizsup640002
296	:	1471671843.278	 64870.661	0	1927	0	0	./luigi_test_wrapper.py /nfs/fastq16/ALIGNMENT/BUILD37/DRAGEN/GENOME/schizsup510003
