1	21756199	.	T	TG,<NON_REF>	0	.	DP=1;MLEAC=0,0;MLEAF=NaN,NaN;RAW_MQ=2116.00	GT	./.
1	24393877	.	TTTCCTTCCTTCCTTCCTTCCTTCCTTCCTTCC	T,<NON_REF>	0	.	DP=0;MLEAC=0,0;MLEAF=NaN,NaN;RAW_MQ=0.00	GT	./.
1	96597863	.	G	C,<NON_REF>	0.03	.	DP=2;MLEAC=0,0;MLEAF=NaN,NaN;RAW_MQ=1058.00	GT	./.
1	103548823	.	C	T,<NON_REF>	0.03	.	DP=0;MLEAC=0,0;MLEAF=NaN,NaN;RAW_MQ=0.00	GT:PGT:PID	./.:0|1:103548804_C_CTGTGTG
1	157044738	.	C	CAA,<NON_REF>	0	.	DP=6;MLEAC=0,0;MLEAF=NaN,NaN;RAW_MQ=21600.00	GT	./.
1	193173415	.	A	T,<NON_REF>	0.03	.	DP=0;MLEAC=0,0;MLEAF=NaN,NaN;RAW_MQ=0.00	GT:PGT:PID	./.:0|1:193173415_A_T
1	193173417	.	A	T,<NON_REF>	0.03	.	DP=0;MLEAC=0,0;MLEAF=NaN,NaN;RAW_MQ=0.00	GT:PGT:PID	./.:0|1:193173415_A_T
1	214538149	.	T	TGTGTGTG,<NON_REF>	0	.	DP=0;MLEAC=0,0;MLEAF=NaN,NaN;RAW_MQ=0.00	GT:PGT:PID	./.:1|0:214538109_A_T
1	238668870	.	C	CA,<NON_REF>	0	.	DP=0;MLEAC=0,0;MLEAF=NaN,NaN;RAW_MQ=0.00	GT	./.
1	242380931	.	A	G,<NON_REF>	0.03	.	DP=0;MLEAC=0,0;MLEAF=NaN,NaN;RAW_MQ=0.00	GT:PGT:PID	./.:0|1:242380921_C_T
2	9661093	.	C	CAA,<NON_REF>	0	.	DP=0;MLEAC=0,0;MLEAF=NaN,NaN;RAW_MQ=0.00	GT	./.
2	13821911	.	T	C,<NON_REF>	0.03	.	DP=0;MLEAC=0,0;MLEAF=NaN,NaN;RAW_MQ=0.00	GT:PGT:PID	./.:0|1:13821911_T_C
2	27151572	.	TACACACAC	T,<NON_REF>	0	.	DP=0;MLEAC=0,0;MLEAF=NaN,NaN;RAW_MQ=0.00	GT:PGT:PID	./.:0|1:27151554_A_AGT
2	27151582	.	C	T,<NON_REF>	0.03	.	DP=0;MLEAC=0,0;MLEAF=NaN,NaN;RAW_MQ=0.00	GT:PGT:PID	./.:0|1:27151554_A_AGT
2	27151584	.	C	T,<NON_REF>	0.03	.	DP=0;MLEAC=0,0;MLEAF=NaN,NaN;RAW_MQ=0.00	GT:PGT:PID	./.:0|1:27151554_A_AGT
2	27151586	.	T	C,<NON_REF>	0.03	.	DP=0;MLEAC=0,0;MLEAF=NaN,NaN;RAW_MQ=0.00	GT:PGT:PID	./.:1|0:27151554_A_AGT
2	27151588	.	C	T,<NON_REF>	0.03	.	DP=0;MLEAC=0,0;MLEAF=NaN,NaN;RAW_MQ=0.00	GT:PGT:PID	./.:0|1:27151554_A_AGT
2	27151590	.	T	C,<NON_REF>	0.03	.	DP=0;MLEAC=0,0;MLEAF=NaN,NaN;RAW_MQ=0.00	GT:PGT:PID	./.:1|0:27151554_A_AGT
2	27151592	.	T	C,<NON_REF>	0.03	.	DP=0;MLEAC=0,0;MLEAF=NaN,NaN;RAW_MQ=0.00	GT:PGT:PID	./.:1|0:27151554_A_AGT
2	27151594	.	T	C,<NON_REF>	0.03	.	DP=0;MLEAC=0,0;MLEAF=NaN,NaN;RAW_MQ=0.00	GT:PGT:PID	./.:1|0:27151554_A_AGT
2	27151596	.	T	C,<NON_REF>	0.03	.	DP=0;MLEAC=0,0;MLEAF=NaN,NaN;RAW_MQ=0.00	GT:PGT:PID	./.:1|0:27151554_A_AGT
2	27151599	.	G	A,<NON_REF>	0.03	.	DP=0;MLEAC=0,0;MLEAF=NaN,NaN;RAW_MQ=0.00	GT:PGT:PID	./.:1|0:27151554_A_AGT
2	27151609	.	G	A,<NON_REF>	0.03	.	DP=0;MLEAC=0,0;MLEAF=NaN,NaN;RAW_MQ=0.00	GT:PGT:PID	./.:1|0:27151554_A_AGT
2	123169011	.	G	A,<NON_REF>	0.03	.	DP=0;MLEAC=0,0;MLEAF=NaN,NaN;RAW_MQ=0.00	GT:PGT:PID	./.:0|1:123169001_C_T
2	133506362	.	CT	C,<NON_REF>	0	.	DP=0;MLEAC=0,0;MLEAF=NaN,NaN;RAW_MQ=0.00	GT:PGT:PID	./.:0|1:133506362_CT_C
2	175324882	.	A	AT,ATT,<NON_REF>	0.01	.	DP=7;MLEAC=0,0,0;MLEAF=NaN,NaN,NaN;RAW_MQ=25200.00	GT	./.
2	186753503	.	T	C,<NON_REF>	0.03	.	DP=1;MLEAC=0,0;MLEAF=NaN,NaN;RAW_MQ=1369.00	GT:PGT:PID	./.:0|1:186753503_T_C
2	220237174	.	G	A,<NON_REF>	0.03	.	DP=1;MLEAC=0,0;MLEAF=NaN,NaN;RAW_MQ=1369.00	GT:PGT:PID	./.:0|1:220237149_T_G
2	232965545	.	A	G,<NON_REF>	0.03	.	DP=0;MLEAC=0,0;MLEAF=NaN,NaN;RAW_MQ=0.00	GT:PGT:PID	./.:1|0:232965539_GTA_G
2	232965547	.	A	G,<NON_REF>	0.03	.	DP=0;MLEAC=0,0;MLEAF=NaN,NaN;RAW_MQ=0.00	GT:PGT:PID	./.:1|0:232965539_GTA_G
2	240150057	.	C	A,<NON_REF>	0.03	.	DP=0;MLEAC=0,0;MLEAF=NaN,NaN;RAW_MQ=0.00	GT:PGT:PID	./.:0|1:240150057_C_A
3	44565645	.	CTTT	C,<NON_REF>	0	.	DP=0;MLEAC=0,0;MLEAF=NaN,NaN;RAW_MQ=0.00	GT:PGT:PID	./.:0|1:44565645_CTTT_C
3	58363348	.	G	A,<NON_REF>	0.03	.	DP=0;MLEAC=0,0;MLEAF=NaN,NaN;RAW_MQ=0.00	GT:PGT:PID	./.:0|1:58363348_G_A
3	58363371	.	T	C,<NON_REF>	0.03	.	DP=0;MLEAC=0,0;MLEAF=NaN,NaN;RAW_MQ=0.00	GT:PGT:PID	./.:0|1:58363348_G_A
3	99551683	.	C	CA,<NON_REF>	0	.	DP=2;MLEAC=0,0;MLEAF=NaN,NaN;RAW_MQ=1682.00	GT:PGT:PID	./.:0|1:99551683_C_CA
3	136605657	.	GTCT	G,<NON_REF>	0	.	DP=0;MLEAC=0,0;MLEAF=NaN,NaN;RAW_MQ=0.00	GT:PGT:PID	./.:0|1:136605645_G_T
3	171177464	.	T	TACAC,<NON_REF>	0	.	DP=1;MLEAC=0,0;MLEAF=NaN,NaN;RAW_MQ=3600.00	GT:PGT:PID	./.:0|1:171177464_T_TACAC
3	190854855	.	CA	C,<NON_REF>	0	.	DP=1;MLEAC=0,0;MLEAF=NaN,NaN;RAW_MQ=1369.00	GT:PGT:PID	./.:0|1:190854855_CA_C
3	194083668	.	G	GT,<NON_REF>	0	.	DP=0;MLEAC=0,0;MLEAF=NaN,NaN;RAW_MQ=0.00	GT:PGT:PID	./.:0|1:194083668_G_GT
4	8096671	.	TCC	T,<NON_REF>	0	.	DP=0;MLEAC=0,0;MLEAF=NaN,NaN;RAW_MQ=0.00	GT:PGT:PID	./.:0|1:8096644_TTCCC_T
4	8096674	.	TCC	T,<NON_REF>	0	.	DP=0;MLEAC=0,0;MLEAF=NaN,NaN;RAW_MQ=0.00	GT:PGT:PID	./.:0|1:8096644_TTCCC_T
4	25475518	.	T	G,<NON_REF>	0.03	.	DP=0;MLEAC=0,0;MLEAF=NaN,NaN;RAW_MQ=0.00	GT:PGT:PID	./.:0|1:25475510_C_T
4	53008377	.	CAAA	C,<NON_REF>	0	.	DP=0;MLEAC=0,0;MLEAF=NaN,NaN;RAW_MQ=0.00	GT:PGT:PID	./.:0|1:53008377_CAAA_C
4	57268986	.	C	CAA,<NON_REF>	0	.	DP=6;MLEAC=0,0;MLEAF=NaN,NaN;RAW_MQ=18841.00	GT:PGT:PID	./.:0|1:57268986_C_CAA
4	70071877	.	G	A,<NON_REF>	0.03	.	DP=0;MLEAC=0,0;MLEAF=NaN,NaN;RAW_MQ=0.00	GT	./.
4	70071890	.	A	C,<NON_REF>	0.03	.	DP=0;MLEAC=0,0;MLEAF=NaN,NaN;RAW_MQ=0.00	GT	./.
4	86877991	.	C	G,<NON_REF>	0.03	.	DP=0;MLEAC=0,0;MLEAF=NaN,NaN;RAW_MQ=0.00	GT	./.
4	123121738	.	C	A,<NON_REF>	0.03	.	DP=0;MLEAC=0,0;MLEAF=NaN,NaN;RAW_MQ=0.00	GT:PGT:PID	./.:0|1:123121738_C_A
4	152374088	.	G	GTA,<NON_REF>	0	.	DP=0;MLEAC=0,0;MLEAF=NaN,NaN;RAW_MQ=0.00	GT:PGT:PID	./.:0|1:152374080_A_G
4	154734607	.	G	GA,<NON_REF>	0	.	DP=0;MLEAC=0,0;MLEAF=NaN,NaN;RAW_MQ=0.00	GT:PGT:PID	./.:0|1:154734607_G_GA
5	15426259	.	T	C,<NON_REF>	0.03	.	DP=0;MLEAC=0,0;MLEAF=NaN,NaN;RAW_MQ=0.00	GT:PGT:PID	./.:0|1:15426252_T_TC
5	35713265	.	A	G,<NON_REF>	0.03	.	DP=0;MLEAC=0,0;MLEAF=NaN,NaN;RAW_MQ=0.00	GT	./.
5	61540674	.	G	A,<NON_REF>	0.03	.	DP=2;MLEAC=0,0;MLEAF=NaN,NaN;RAW_MQ=2738.00	GT:PGT:PID	./.:0|1:61540674_G_A
5	61540682	.	A	C,<NON_REF>	0.03	.	DP=2;MLEAC=0,0;MLEAF=NaN,NaN;RAW_MQ=2738.00	GT:PGT:PID	./.:0|1:61540674_G_A
5	86380299	.	A	C,<NON_REF>	0.03	.	DP=1;MLEAC=0,0;MLEAF=NaN,NaN;RAW_MQ=1369.00	GT:PGT:PID	./.:0|1:86380291_A_G
5	124487970	.	CTT	C,<NON_REF>	0	.	DP=0;MLEAC=0,0;MLEAF=NaN,NaN;RAW_MQ=0.00	GT:PGT:PID	./.:0|1:124487970_CTT_C
5	162931295	.	T	C,<NON_REF>	0.03	.	DP=0;MLEAC=0,0;MLEAF=NaN,NaN;RAW_MQ=0.00	GT:PGT:PID	./.:0|1:162931295_T_C
5	167992862	.	T	TA,<NON_REF>	0	.	DP=3;MLEAC=0,0;MLEAF=NaN,NaN;RAW_MQ=8041.00	GT	./.
5	167992873	.	A	AAATATATATATATATATATATATAT,<NON_REF>	0	.	DP=2;MLEAC=0,0;MLEAF=NaN,NaN;RAW_MQ=4441.00	GT:PGT:PID	./.:0|1:167992873_A_AAATATATATATATATATATATATAT
5	175536576	.	C	CA,<NON_REF>	0	.	DP=7;MLEAC=0,0;MLEAF=NaN,NaN;RAW_MQ=3703.00	GT	./.
6	32428115	.	G	A,<NON_REF>	0.03	.	DP=0;MLEAC=0,0;MLEAF=NaN,NaN;RAW_MQ=0.00	GT	./.
6	63921202	.	CACAAAGTTA	C,<NON_REF>	0	.	DP=0;MLEAC=0,0;MLEAF=NaN,NaN;RAW_MQ=0.00	GT	./.
6	107854475	.	C	CA,<NON_REF>	0	.	DP=8;MLEAC=0,0;MLEAF=NaN,NaN;RAW_MQ=28800.00	GT	./.
6	151267510	.	G	T,<NON_REF>	0.03	.	DP=0;MLEAC=0,0;MLEAF=NaN,NaN;RAW_MQ=0.00	GT:PGT:PID	./.:0|1:151267506_A_G
6	151889240	.	G	GA,<NON_REF>	0	.	DP=1;MLEAC=0,0;MLEAF=NaN,NaN;RAW_MQ=3249.00	GT:PGT:PID	./.:0|1:151889240_G_GA
7	12011873	.	ACCT	A,<NON_REF>	0	.	DP=0;MLEAC=0,0;MLEAF=NaN,NaN;RAW_MQ=0.00	GT:PGT:PID	./.:0|1:12011873_ACCT_A
7	12011877	.	T	A,<NON_REF>	0.03	.	DP=0;MLEAC=0,0;MLEAF=NaN,NaN;RAW_MQ=0.00	GT:PGT:PID	./.:0|1:12011873_ACCT_A
7	18826318	.	C	A,<NON_REF>	0.03	.	DP=0;MLEAC=0,0;MLEAF=NaN,NaN;RAW_MQ=0.00	GT	./.
7	23002373	.	T	C,<NON_REF>	0.03	.	DP=0;MLEAC=0,0;MLEAF=NaN,NaN;RAW_MQ=0.00	GT:PGT:PID	./.:0|1:23002373_T_C
7	24330835	.	A	G,<NON_REF>	0.03	.	DP=0;MLEAC=0,0;MLEAF=NaN,NaN;RAW_MQ=0.00	GT:PGT:PID	./.:0|1:24330835_A_G
7	65083004	.	T	C,<NON_REF>	0.03	.	DP=0;MLEAC=0,0;MLEAF=NaN,NaN;RAW_MQ=0.00	GT	./.
7	98785797	.	C	CAAAAA,<NON_REF>	0	.	DP=5;MLEAC=0,0;MLEAF=NaN,NaN;RAW_MQ=13162.00	GT	./.
7	115614503	.	TAA	T,<NON_REF>	0	.	DP=1;MLEAC=0,0;MLEAF=NaN,NaN;RAW_MQ=3600.00	GT	./.
7	115614504	.	A	AT,<NON_REF>	0	.	DP=1;MLEAC=0,0;MLEAF=NaN,NaN;RAW_MQ=3600.00	GT:PGT:PID	./.:0|1:115614504_A_AT
7	115614505	.	A	ATATAT,<NON_REF>	0	.	DP=1;MLEAC=0,0;MLEAF=NaN,NaN;RAW_MQ=3600.00	GT:PGT:PID	./.:0|1:115614504_A_AT
7	135069068	.	G	A,<NON_REF>	0.03	.	DP=0;MLEAC=0,0;MLEAF=NaN,NaN;RAW_MQ=0.00	GT:PGT:PID	./.:1|0:135069028_C_CCT
7	150383800	.	G	A,<NON_REF>	0.03	.	DP=0;MLEAC=0,0;MLEAF=NaN,NaN;RAW_MQ=0.00	GT:PGT:PID	./.:0|1:150383800_G_A
7	156747242	.	AG	A,<NON_REF>	0	.	DP=0;MLEAC=0,0;MLEAF=NaN,NaN;RAW_MQ=0.00	GT:PGT:PID	./.:0|1:156747242_AG_A
7	156747249	.	C	T,<NON_REF>	0.03	.	DP=0;MLEAC=0,0;MLEAF=NaN,NaN;RAW_MQ=0.00	GT:PGT:PID	./.:0|1:156747242_AG_A
8	60032376	.	G	C,<NON_REF>	0.03	.	DP=0;MLEAC=0,0;MLEAF=NaN,NaN;RAW_MQ=0.00	GT:PGT:PID	./.:0|1:60032376_G_C
8	118183657	.	A	C,<NON_REF>	0.03	.	DP=0;MLEAC=0,0;MLEAF=NaN,NaN;RAW_MQ=0.00	GT:PGT:PID	./.:0|1:118183616_T_G
8	127123690	.	CTA	C,<NON_REF>	0	.	DP=0;MLEAC=0,0;MLEAF=NaN,NaN;RAW_MQ=0.00	GT:PGT:PID	./.:0|1:127123690_CTA_C
9	146749	.	A	C,<NON_REF>	0.03	.	DP=0;MLEAC=0,0;MLEAF=NaN,NaN;RAW_MQ=0.00	GT:PGT:PID	./.:0|1:146739_T_TAA
9	146764	.	T	G,<NON_REF>	0.03	.	DP=0;MLEAC=0,0;MLEAF=NaN,NaN;RAW_MQ=0.00	GT:PGT:PID	./.:0|1:146739_T_TAA
9	662972	.	T	C,<NON_REF>	0.03	.	DP=0;MLEAC=0,0;MLEAF=NaN,NaN;RAW_MQ=0.00	GT	./.
9	103544303	.	G	T,<NON_REF>	0.03	.	DP=0;MLEAC=0,0;MLEAF=NaN,NaN;RAW_MQ=0.00	GT:PGT:PID	./.:0|1:103544294_TGC_T
9	103544308	.	A	G,<NON_REF>	0.03	.	DP=0;MLEAC=0,0;MLEAF=NaN,NaN;RAW_MQ=0.00	GT:PGT:PID	./.:0|1:103544294_TGC_T
9	103544309	.	G	T,<NON_REF>	0.03	.	DP=0;MLEAC=0,0;MLEAF=NaN,NaN;RAW_MQ=0.00	GT:PGT:PID	./.:0|1:103544294_TGC_T
9	103544328	.	C	T,<NON_REF>	0.03	.	DP=0;MLEAC=0,0;MLEAF=NaN,NaN;RAW_MQ=0.00	GT:PGT:PID	./.:0|1:103544294_TGC_T
9	103544331	.	G	T,<NON_REF>	0.03	.	DP=0;MLEAC=0,0;MLEAF=NaN,NaN;RAW_MQ=0.00	GT:PGT:PID	./.:0|1:103544294_TGC_T
9	103544332	.	A	G,<NON_REF>	0.03	.	DP=0;MLEAC=0,0;MLEAF=NaN,NaN;RAW_MQ=0.00	GT:PGT:PID	./.:0|1:103544294_TGC_T
9	118746547	.	A	ATTTTTTT,<NON_REF>	0	.	DP=0;MLEAC=0,0;MLEAF=NaN,NaN;RAW_MQ=0.00	GT:PGT:PID	./.:0|1:118746547_A_ATTTTTTT
9	128030771	.	A	T,<NON_REF>	0.03	.	DP=0;MLEAC=0,0;MLEAF=NaN,NaN;RAW_MQ=0.00	GT:PGT:PID	./.:0|1:128030771_A_T
9	136795522	.	A	C,<NON_REF>	0.03	.	DP=0;MLEAC=0,0;MLEAF=NaN,NaN;RAW_MQ=0.00	GT:PGT:PID	./.:0|1:136795522_A_C
9	136795526	.	G	C,<NON_REF>	0.03	.	DP=0;MLEAC=0,0;MLEAF=NaN,NaN;RAW_MQ=0.00	GT:PGT:PID	./.:0|1:136795522_A_C
9	136795532	.	A	G,<NON_REF>	0.03	.	DP=0;MLEAC=0,0;MLEAF=NaN,NaN;RAW_MQ=0.00	GT:PGT:PID	./.:0|1:136795522_A_C
9	136795535	.	A	C,<NON_REF>	0.03	.	DP=0;MLEAC=0,0;MLEAF=NaN,NaN;RAW_MQ=0.00	GT:PGT:PID	./.:0|1:136795522_A_C
9	136795539	.	T	A,<NON_REF>	0.03	.	DP=0;MLEAC=0,0;MLEAF=NaN,NaN;RAW_MQ=0.00	GT:PGT:PID	./.:0|1:136795522_A_C
10	12699458	.	A	T,<NON_REF>	0.03	.	DP=0;MLEAC=0,0;MLEAF=NaN,NaN;RAW_MQ=0.00	GT:PGT:PID	./.:0|1:12699458_A_T
10	12699460	.	C	A,<NON_REF>	0.03	.	DP=0;MLEAC=0,0;MLEAF=NaN,NaN;RAW_MQ=0.00	GT:PGT:PID	./.:0|1:12699458_A_T
10	29309349	.	T	A,<NON_REF>	0.03	.	DP=0;MLEAC=0,0;MLEAF=NaN,NaN;RAW_MQ=0.00	GT:PGT:PID	./.:0|1:29309330_A_G
10	29309350	.	A	T,<NON_REF>	0.03	.	DP=0;MLEAC=0,0;MLEAF=NaN,NaN;RAW_MQ=0.00	GT:PGT:PID	./.:0|1:29309330_A_G
10	46783345	.	A	G,<NON_REF>	0.03	.	DP=0;MLEAC=0,0;MLEAF=NaN,NaN;RAW_MQ=0.00	GT	./.
10	51623962	.	A	ACCCAGGGG,<NON_REF>	0	.	DP=0;MLEAC=0,0;MLEAF=NaN,NaN;RAW_MQ=0.00	GT:PGT:PID	./.:0|1:51623959_G_GTCTGA
10	56834640	.	G	A,<NON_REF>	0.03	.	DP=2;MLEAC=0,0;MLEAF=NaN,NaN;RAW_MQ=2738.00	GT:PGT:PID	./.:0|1:56834640_G_A
10	56834641	.	A	T,<NON_REF>	0.03	.	DP=2;MLEAC=0,0;MLEAF=NaN,NaN;RAW_MQ=2738.00	GT:PGT:PID	./.:0|1:56834640_G_A
10	56834643	.	A	C,<NON_REF>	0.03	.	DP=2;MLEAC=0,0;MLEAF=NaN,NaN;RAW_MQ=2738.00	GT:PGT:PID	./.:0|1:56834640_G_A
10	58425219	.	C	T,<NON_REF>	0.03	.	DP=0;MLEAC=0,0;MLEAF=NaN,NaN;RAW_MQ=0.00	GT:PGT:PID	./.:0|1:58425219_C_T
10	59743942	.	A	T,<NON_REF>	0.03	.	DP=0;MLEAC=0,0;MLEAF=NaN,NaN;RAW_MQ=0.00	GT	./.
10	74249048	.	TCA	T,<NON_REF>	0	.	DP=0;MLEAC=0,0;MLEAF=NaN,NaN;RAW_MQ=0.00	GT	./.
10	95190786	.	T	C,<NON_REF>	0.03	.	DP=0;MLEAC=0,0;MLEAF=NaN,NaN;RAW_MQ=0.00	GT:PGT:PID	./.:0|1:95190786_T_C
10	103589508	.	G	C,<NON_REF>	0.03	.	DP=1;MLEAC=0,0;MLEAF=NaN,NaN;RAW_MQ=841.00	GT:PGT:PID	./.:0|1:103589508_G_C
10	107624577	.	A	G,<NON_REF>	0.03	.	DP=1;MLEAC=0,0;MLEAF=NaN,NaN;RAW_MQ=1369.00	GT:PGT:PID	./.:0|1:107624570_C_T
11	23041101	.	A	G,<NON_REF>	0.03	.	DP=0;MLEAC=0,0;MLEAF=NaN,NaN;RAW_MQ=0.00	GT	./.
11	23522819	.	C	T,<NON_REF>	0.03	.	DP=0;MLEAC=0,0;MLEAF=NaN,NaN;RAW_MQ=0.00	GT:PGT:PID	./.:0|1:23522819_C_T
11	70221356	.	G	T,<NON_REF>	0.03	.	DP=0;MLEAC=0,0;MLEAF=NaN,NaN;RAW_MQ=0.00	GT	./.
11	75441970	.	AAAAAG	A,<NON_REF>	0	.	DP=4;MLEAC=0,0;MLEAF=NaN,NaN;RAW_MQ=19600.00	GT	./.
11	75441974	.	AG	A,<NON_REF>	0	.	DP=4;MLEAC=0,0;MLEAF=NaN,NaN;RAW_MQ=19600.00	GT	./.
11	111001428	.	G	A,<NON_REF>	0.03	.	DP=1;MLEAC=0,0;MLEAF=NaN,NaN;RAW_MQ=625.00	GT:PGT:PID	./.:0|1:111001420_C_T
11	134777593	.	G	A,<NON_REF>	0.03	.	DP=0;MLEAC=0,0;MLEAF=NaN,NaN;RAW_MQ=0.00	GT	./.
12	2877592	.	C	T,<NON_REF>	0.03	.	DP=0;MLEAC=0,0;MLEAF=NaN,NaN;RAW_MQ=0.00	GT:PGT:PID	./.:0|1:2877579_TC_T
12	2877594	.	C	T,<NON_REF>	0.03	.	DP=0;MLEAC=0,0;MLEAF=NaN,NaN;RAW_MQ=0.00	GT:PGT:PID	./.:0|1:2877579_TC_T
12	22068402	.	GTGTGTATATA	G,<NON_REF>	0	.	DP=5;MLEAC=0,0;MLEAF=NaN,NaN;RAW_MQ=15241.00	GT	./.
12	22068404	.	GTGTATATA	G,<NON_REF>	0	.	DP=5;MLEAC=0,0;MLEAF=NaN,NaN;RAW_MQ=15241.00	GT	./.
12	23403293	.	A	T,<NON_REF>	0.03	.	DP=0;MLEAC=0,0;MLEAF=NaN,NaN;RAW_MQ=0.00	GT	./.
12	48483492	.	T	G,<NON_REF>	0.03	.	DP=0;MLEAC=0,0;MLEAF=NaN,NaN;RAW_MQ=0.00	GT:PGT:PID	./.:0|1:48483484_A_C
12	56494723	.	C	CA,<NON_REF>	0	.	DP=8;MLEAC=0,0;MLEAF=NaN,NaN;RAW_MQ=26041.00	GT	./.
12	95457801	.	CAA	C,<NON_REF>	0	.	DP=0;MLEAC=0,0;MLEAF=NaN,NaN;RAW_MQ=0.00	GT	./.
12	118507209	.	TTTC	T,<NON_REF>	0	.	DP=0;MLEAC=0,0;MLEAF=NaN,NaN;RAW_MQ=0.00	GT	./.
12	118507227	.	C	CT,<NON_REF>	0	.	DP=0;MLEAC=0,0;MLEAF=NaN,NaN;RAW_MQ=0.00	GT	./.
12	131623136	.	T	C,<NON_REF>	0.03	.	DP=0;MLEAC=0,0;MLEAF=NaN,NaN;RAW_MQ=0.00	GT:PGT:PID	./.:0|1:131623136_T_C
12	132403422	.	C	A,<NON_REF>	0.03	.	DP=2;MLEAC=0,0;MLEAF=NaN,NaN;RAW_MQ=4441.00	GT:PGT:PID	./.:0|1:132403422_C_A
12	132403424	.	GGT	G,<NON_REF>	0	.	DP=2;MLEAC=0,0;MLEAF=NaN,NaN;RAW_MQ=4441.00	GT:PGT:PID	./.:0|1:132403422_C_A
12	132403440	.	G	GGT,<NON_REF>	0	.	DP=2;MLEAC=0,0;MLEAF=NaN,NaN;RAW_MQ=4441.00	GT:PGT:PID	./.:0|1:132403422_C_A
12	133441415	.	C	A,<NON_REF>	0.03	.	DP=0;MLEAC=0,0;MLEAF=NaN,NaN;RAW_MQ=0.00	GT:PGT:PID	./.:0|1:133441415_C_A
13	19949096	.	A	G,<NON_REF>	0.03	.	DP=0;MLEAC=0,0;MLEAF=NaN,NaN;RAW_MQ=0.00	GT:PGT:PID	./.:0|1:19949096_A_G
13	19949097	.	T	A,<NON_REF>	0.03	.	DP=0;MLEAC=0,0;MLEAF=NaN,NaN;RAW_MQ=0.00	GT:PGT:PID	./.:0|1:19949096_A_G
13	19949100	.	T	G,<NON_REF>	0.03	.	DP=0;MLEAC=0,0;MLEAF=NaN,NaN;RAW_MQ=0.00	GT:PGT:PID	./.:0|1:19949096_A_G
13	21536751	.	T	A,<NON_REF>	0.03	.	DP=0;MLEAC=0,0;MLEAF=NaN,NaN;RAW_MQ=0.00	GT	./.
13	26697474	.	CAAAAAAAA	C,<NON_REF>	0	.	DP=0;MLEAC=0,0;MLEAF=NaN,NaN;RAW_MQ=0.00	GT:PGT:PID	./.:0|1:26697474_CAAAAAAAA_C
13	30351006	.	CAAAAAA	C,<NON_REF>	0	.	DP=2;MLEAC=0,0;MLEAF=NaN,NaN;RAW_MQ=4129.00	GT:PGT:PID	./.:0|1:30351006_CAAAAAA_C
13	38138295	.	A	ATACTTGTATATACAAAACAT,<NON_REF>	0	.	DP=3;MLEAC=0,0;MLEAF=NaN,NaN;RAW_MQ=4563.00	GT	./.
13	113258652	.	T	A,<NON_REF>	0.03	.	DP=0;MLEAC=0,0;MLEAF=NaN,NaN;RAW_MQ=0.00	GT:PGT:PID	./.:0|1:113258652_T_A
14	35005664	.	AT	A,<NON_REF>	0	.	DP=8;MLEAC=0,0;MLEAF=NaN,NaN;RAW_MQ=26569.00	GT	./.
14	44588291	.	C	CT,<NON_REF>	0	.	DP=0;MLEAC=0,0;MLEAF=NaN,NaN;RAW_MQ=0.00	GT:PGT:PID	./.:0|1:44588291_C_CT
14	106788821	.	T	A,<NON_REF>	0.03	.	DP=0;MLEAC=0,0;MLEAF=NaN,NaN;RAW_MQ=0.00	GT:PGT:PID	./.:0|1:106788798_T_C
14	106788824	.	A	T,<NON_REF>	0.03	.	DP=0;MLEAC=0,0;MLEAF=NaN,NaN;RAW_MQ=0.00	GT:PGT:PID	./.:0|1:106788798_T_C
14	106788827	.	GA	G,<NON_REF>	0	.	DP=0;MLEAC=0,0;MLEAF=NaN,NaN;RAW_MQ=0.00	GT:PGT:PID	./.:0|1:106788798_T_C
15	45917408	.	C	A,<NON_REF>	0.03	.	DP=0;MLEAC=0,0;MLEAF=NaN,NaN;RAW_MQ=0.00	GT:PGT:PID	./.:0|1:45917404_A_G
15	50661882	.	T	C,<NON_REF>	0.03	.	DP=1;MLEAC=0,0;MLEAF=NaN,NaN;RAW_MQ=1369.00	GT:PGT:PID	./.:0|1:50661882_T_C
15	65799994	.	T	TA,<NON_REF>	0	.	DP=2;MLEAC=0,0;MLEAF=NaN,NaN;RAW_MQ=4441.00	GT	./.
15	66843683	.	C	CAAAA,<NON_REF>	0	.	DP=0;MLEAC=0,0;MLEAF=NaN,NaN;RAW_MQ=0.00	GT:PGT:PID	./.:0|1:66843683_C_CAAAA
15	99656919	.	C	G,<NON_REF>	0.03	.	DP=0;MLEAC=0,0;MLEAF=NaN,NaN;RAW_MQ=0.00	GT:PGT:PID	./.:0|1:99656919_C_G
16	97884	.	TA	T,<NON_REF>	0	.	DP=0;MLEAC=0,0;MLEAF=NaN,NaN;RAW_MQ=0.00	GT	./.
16	16912920	.	G	C,<NON_REF>	0.03	.	DP=0;MLEAC=0,0;MLEAF=NaN,NaN;RAW_MQ=0.00	GT:PGT:PID	./.:0|1:16912911_T_C
16	26802733	.	T	G,<NON_REF>	0.03	.	DP=0;MLEAC=0,0;MLEAF=NaN,NaN;RAW_MQ=0.00	GT:PGT:PID	./.:0|1:26802727_A_G
16	29159047	.	A	C,<NON_REF>	0.03	.	DP=0;MLEAC=0,0;MLEAF=NaN,NaN;RAW_MQ=0.00	GT:PGT:PID	./.:0|1:29159047_A_C
16	29159061	.	A	C,<NON_REF>	0.03	.	DP=0;MLEAC=0,0;MLEAF=NaN,NaN;RAW_MQ=0.00	GT:PGT:PID	./.:0|1:29159047_A_C
16	29159062	.	A	G,<NON_REF>	0.03	.	DP=0;MLEAC=0,0;MLEAF=NaN,NaN;RAW_MQ=0.00	GT:PGT:PID	./.:0|1:29159047_A_C
16	29159070	.	G	GCA,<NON_REF>	0	.	DP=0;MLEAC=0,0;MLEAF=NaN,NaN;RAW_MQ=0.00	GT:PGT:PID	./.:0|1:29159047_A_C
16	54514774	.	T	G,<NON_REF>	0.03	.	DP=0;MLEAC=0,0;MLEAF=NaN,NaN;RAW_MQ=0.00	GT:PGT:PID	./.:0|1:54514750_C_T
16	54514783	.	AT	A,<NON_REF>	0	.	DP=0;MLEAC=0,0;MLEAF=NaN,NaN;RAW_MQ=0.00	GT:PGT:PID	./.:0|1:54514750_C_T
16	81764742	.	G	A,<NON_REF>	0.03	.	DP=1;MLEAC=0,0;MLEAF=NaN,NaN;RAW_MQ=1369.00	GT	./.
17	5157547	.	T	A,<NON_REF>	0.03	.	DP=1;MLEAC=0,0;MLEAF=NaN,NaN;RAW_MQ=1369.00	GT:PGT:PID	./.:0|1:5157547_T_A
17	5213594	.	T	TG,<NON_REF>	0	.	DP=0;MLEAC=0,0;MLEAF=NaN,NaN;RAW_MQ=0.00	GT:PGT:PID	./.:0|1:5213594_T_TG
17	5213596	.	C	T,<NON_REF>	0.03	.	DP=0;MLEAC=0,0;MLEAF=NaN,NaN;RAW_MQ=0.00	GT:PGT:PID	./.:0|1:5213594_T_TG
17	75155173	.	A	G,<NON_REF>	0.03	.	DP=1;MLEAC=0,0;MLEAF=NaN,NaN;RAW_MQ=1369.00	GT:PGT:PID	./.:0|1:75155169_A_G
17	75155177	.	T	C,<NON_REF>	0.03	.	DP=1;MLEAC=0,0;MLEAF=NaN,NaN;RAW_MQ=1369.00	GT:PGT:PID	./.:0|1:75155169_A_G
18	71864861	.	A	G,<NON_REF>	0.03	.	DP=0;MLEAC=0,0;MLEAF=NaN,NaN;RAW_MQ=0.00	GT	./.
19	4491246	.	A	C,<NON_REF>	0.03	.	DP=0;MLEAC=0,0;MLEAF=NaN,NaN;RAW_MQ=0.00	GT	./.
19	6963186	.	CA	C,<NON_REF>	0	.	DP=0;MLEAC=0,0;MLEAF=NaN,NaN;RAW_MQ=0.00	GT	./.
19	14675360	.	A	C,<NON_REF>	0.03	.	DP=0;MLEAC=0,0;MLEAF=NaN,NaN;RAW_MQ=0.00	GT	./.
19	21603393	.	T	TTATATA,<NON_REF>	0	.	DP=8;MLEAC=0,0;MLEAF=NaN,NaN;RAW_MQ=17764.00	GT	./.
19	23995203	.	TGTTTATG	T,<NON_REF>	0	.	DP=0;MLEAC=0,0;MLEAF=NaN,NaN;RAW_MQ=0.00	GT	./.
19	30205589	.	A	C,<NON_REF>	0.03	.	DP=0;MLEAC=0,0;MLEAF=NaN,NaN;RAW_MQ=0.00	GT:PGT:PID	./.:0|1:30205589_A_C
19	30205590	.	G	A,<NON_REF>	0.03	.	DP=0;MLEAC=0,0;MLEAF=NaN,NaN;RAW_MQ=0.00	GT:PGT:PID	./.:0|1:30205589_A_C
19	48546781	.	T	TCAC,<NON_REF>	0	.	DP=1;MLEAC=0,0;MLEAF=NaN,NaN;RAW_MQ=841.00	GT:PGT:PID	./.:0|1:48546781_T_TCAC
19	49439870	.	G	A,<NON_REF>	0.03	.	DP=0;MLEAC=0,0;MLEAF=NaN,NaN;RAW_MQ=0.00	GT	./.
19	50764651	.	T	C,<NON_REF>	0.03	.	DP=0;MLEAC=0,0;MLEAF=NaN,NaN;RAW_MQ=0.00	GT:PGT:PID	./.:0|1:50764651_T_C
19	50824271	.	G	T,<NON_REF>	0.03	.	DP=0;MLEAC=0,0;MLEAF=NaN,NaN;RAW_MQ=0.00	GT	./.
19	51515411	.	A	G,<NON_REF>	0.03	.	DP=0;MLEAC=0,0;MLEAF=NaN,NaN;RAW_MQ=0.00	GT	./.
20	35328516	.	CAA	C,<NON_REF>	0	.	DP=0;MLEAC=0,0;MLEAF=NaN,NaN;RAW_MQ=0.00	GT:PGT:PID	./.:0|1:35328516_CAA_C
20	40546831	.	TTTCCTTCCTTCCTTCC	T,<NON_REF>	0	.	DP=0;MLEAC=0,0;MLEAF=NaN,NaN;RAW_MQ=0.00	GT	./.
21	11100699	.	T	G,<NON_REF>	0.03	.	DP=1;MLEAC=0,0;MLEAF=NaN,NaN;RAW_MQ=1369.00	GT:PGT:PID	./.:0|1:11100699_T_G
21	11100714	.	G	A,<NON_REF>	0.03	.	DP=1;MLEAC=0,0;MLEAF=NaN,NaN;RAW_MQ=1369.00	GT:PGT:PID	./.:0|1:11100699_T_G
21	11100728	.	GT	G,<NON_REF>	0	.	DP=1;MLEAC=0,0;MLEAF=NaN,NaN;RAW_MQ=1369.00	GT:PGT:PID	./.:0|1:11100699_T_G
21	15560888	.	C	CAAA,<NON_REF>	0	.	DP=0;MLEAC=0,0;MLEAF=NaN,NaN;RAW_MQ=0.00	GT:PGT:PID	./.:0|1:15560888_C_CAAA
21	35467068	.	C	T,<NON_REF>	0.03	.	DP=0;MLEAC=0,0;MLEAF=NaN,NaN;RAW_MQ=0.00	GT	./.
21	35467112	.	C	T,<NON_REF>	0.03	.	DP=0;MLEAC=0,0;MLEAF=NaN,NaN;RAW_MQ=0.00	GT:PGT:PID	./.:0|1:35467112_C_T
21	46048197	.	C	A,<NON_REF>	0.03	.	DP=1;MLEAC=0,0;MLEAF=NaN,NaN;RAW_MQ=841.00	GT	./.
22	22540262	.	A	T,<NON_REF>	0.03	.	DP=0;MLEAC=0,0;MLEAF=NaN,NaN;RAW_MQ=0.00	GT	./.
X	2421310	.	T	C,<NON_REF>	0.03	.	DP=0;MLEAC=0,0;MLEAF=NaN,NaN;RAW_MQ=0.00	GT	./.
X	48971859	.	T	C,<NON_REF>	0.03	.	DP=0;MLEAC=0,0;MLEAF=NaN,NaN;RAW_MQ=0.00	GT	./.
X	54823084	.	T	G,<NON_REF>	0.03	.	DP=0;MLEAC=0,0;MLEAF=NaN,NaN;RAW_MQ=0.00	GT:PGT:PID	./.:0|1:54823084_T_G
X	54823091	.	T	G,<NON_REF>	0.03	.	DP=0;MLEAC=0,0;MLEAF=NaN,NaN;RAW_MQ=0.00	GT:PGT:PID	./.:0|1:54823084_T_G
X	54823115	.	T	TA,<NON_REF>	0	.	DP=0;MLEAC=0,0;MLEAF=NaN,NaN;RAW_MQ=0.00	GT:PGT:PID	./.:0|1:54823084_T_G
X	54823116	.	C	A,<NON_REF>	0.03	.	DP=0;MLEAC=0,0;MLEAF=NaN,NaN;RAW_MQ=0.00	GT:PGT:PID	./.:0|1:54823084_T_G
X	110464191	.	C	A,<NON_REF>	0.03	.	DP=0;MLEAC=0,0;MLEAF=NaN,NaN;RAW_MQ=0.00	GT	./.
Y	13687497	.	A	G,<NON_REF>	0.03	.	DP=1;MLEAC=0,0;MLEAF=NaN,NaN;RAW_MQ=1369.00	GT:PGT:PID	./.:0|1:13687497_A_G
Y	13687520	.	T	C,<NON_REF>	0.03	.	DP=1;MLEAC=0,0;MLEAF=NaN,NaN;RAW_MQ=1369.00	GT:PGT:PID	./.:0|1:13687497_A_G
