1	1808736	.	TC	T,<NON_REF>	0	.	DP=0;MLEAC=0,0;MLEAF=NaN,NaN;RAW_MQ=0.00	GT:PGT:PID	./.:0|1:1808736_TC_T
1	1808737	.	C	A,<NON_REF>	0.03	.	DP=0;MLEAC=0,0;MLEAF=NaN,NaN;RAW_MQ=0.00	GT	./.
1	1808755	.	AAT	A,<NON_REF>	0	.	DP=0;MLEAC=0,0;MLEAF=NaN,NaN;RAW_MQ=0.00	GT	./.
1	1808756	.	AT	A,<NON_REF>	0	.	DP=0;MLEAC=0,0;MLEAF=NaN,NaN;RAW_MQ=0.00	GT:PGT:PID	./.:0|1:1808736_TC_T
1	39633560	.	G	A,<NON_REF>	0.03	.	DP=0;MLEAC=0,0;MLEAF=NaN,NaN;RAW_MQ=0.00	GT	./.
1	47754733	.	C	CAAAA,<NON_REF>	0	.	DP=2;MLEAC=0,0;MLEAF=NaN,NaN;RAW_MQ=7200.00	GT:PGT:PID	./.:0|1:47754733_C_CAAAA
1	65068782	.	CT	C,<NON_REF>	0	.	DP=4;MLEAC=0,0;MLEAF=NaN,NaN;RAW_MQ=14400.00	GT	./.
1	90456394	.	G	T,<NON_REF>	0.03	.	DP=0;MLEAC=0,0;MLEAF=NaN,NaN;RAW_MQ=0.00	GT:PGT:PID	./.:0|1:90456389_A_T
1	155532642	.	G	C,<NON_REF>	0.03	.	DP=0;MLEAC=0,0;MLEAF=NaN,NaN;RAW_MQ=0.00	GT	./.
1	159896866	.	TCA	T,<NON_REF>	0	.	DP=1;MLEAC=0,0;MLEAF=NaN,NaN;RAW_MQ=3600.00	GT	./.
1	183098249	.	A	G,<NON_REF>	0.03	.	DP=0;MLEAC=0,0;MLEAF=NaN,NaN;RAW_MQ=0.00	GT	./.
1	210686014	.	CA	C,<NON_REF>	0	.	DP=0;MLEAC=0,0;MLEAF=NaN,NaN;RAW_MQ=0.00	GT	./.
1	219094619	.	G	A,<NON_REF>	0.03	.	DP=0;MLEAC=0,0;MLEAF=NaN,NaN;RAW_MQ=0.00	GT:PGT:PID	./.:0|1:219094619_G_A
1	223137637	.	C	G,<NON_REF>	0.03	.	DP=0;MLEAC=0,0;MLEAF=NaN,NaN;RAW_MQ=0.00	GT:PGT:PID	./.:0|1:223137637_C_G
1	233119854	.	ATT	A,<NON_REF>	0	.	DP=3;MLEAC=0,0;MLEAF=NaN,NaN;RAW_MQ=2739.00	GT	./.
1	244511996	.	T	C,<NON_REF>	0.03	.	DP=1;MLEAC=0,0;MLEAF=NaN,NaN;RAW_MQ=1369.00	GT:PGT:PID	./.:0|1:244511996_T_C
2	1461155	.	G	T,<NON_REF>	0.03	.	DP=1;MLEAC=0,0;MLEAF=NaN,NaN;RAW_MQ=841.00	GT	./.
2	69042923	.	T	TGACCTTGCACA,<NON_REF>	0	.	DP=0;MLEAC=0,0;MLEAF=NaN,NaN;RAW_MQ=0.00	GT	./.
2	69364915	.	C	CA,<NON_REF>	0	.	DP=2;MLEAC=0,0;MLEAF=NaN,NaN;RAW_MQ=4441.00	GT	./.
2	84443164	.	A	G,<NON_REF>	0.03	.	DP=0;MLEAC=0,0;MLEAF=NaN,NaN;RAW_MQ=0.00	GT:PGT:PID	./.:0|1:84443157_A_G
2	109642735	.	T	C,<NON_REF>	0.03	.	DP=0;MLEAC=0,0;MLEAF=NaN,NaN;RAW_MQ=0.00	GT:PGT:PID	./.:0|1:109642711_T_C
2	109642737	.	A	C,<NON_REF>	0.03	.	DP=0;MLEAC=0,0;MLEAF=NaN,NaN;RAW_MQ=0.00	GT:PGT:PID	./.:0|1:109642711_T_C
2	109642742	.	A	C,<NON_REF>	0.03	.	DP=0;MLEAC=0,0;MLEAF=NaN,NaN;RAW_MQ=0.00	GT:PGT:PID	./.:0|1:109642711_T_C
2	130870794	.	G	GA,<NON_REF>	0	.	DP=1;MLEAC=0,0;MLEAF=NaN,NaN;RAW_MQ=1369.00	GT	./.
2	160870262	.	GTCTC	G,<NON_REF>	0	.	DP=0;MLEAC=0,0;MLEAF=NaN,NaN;RAW_MQ=0.00	GT	./.
2	160870264	.	C	G,<NON_REF>	0.03	.	DP=0;MLEAC=0,0;MLEAF=NaN,NaN;RAW_MQ=0.00	GT:PGT:PID	./.:0|1:160870264_C_G
2	160870266	.	C	G,<NON_REF>	0.03	.	DP=0;MLEAC=0,0;MLEAF=NaN,NaN;RAW_MQ=0.00	GT:PGT:PID	./.:0|1:160870264_C_G
2	160870268	.	C	G,<NON_REF>	0.03	.	DP=0;MLEAC=0,0;MLEAF=NaN,NaN;RAW_MQ=0.00	GT:PGT:PID	./.:0|1:160870264_C_G
2	160870270	.	C	G,<NON_REF>	0.03	.	DP=0;MLEAC=0,0;MLEAF=NaN,NaN;RAW_MQ=0.00	GT:PGT:PID	./.:0|1:160870264_C_G
2	160870272	.	C	G,<NON_REF>	0.03	.	DP=0;MLEAC=0,0;MLEAF=NaN,NaN;RAW_MQ=0.00	GT:PGT:PID	./.:0|1:160870264_C_G
2	160870274	.	C	G,<NON_REF>	0.03	.	DP=0;MLEAC=0,0;MLEAF=NaN,NaN;RAW_MQ=0.00	GT:PGT:PID	./.:0|1:160870264_C_G
2	160870277	.	A	T,<NON_REF>	0.03	.	DP=0;MLEAC=0,0;MLEAF=NaN,NaN;RAW_MQ=0.00	GT:PGT:PID	./.:0|1:160870264_C_G
2	160870278	.	C	G,<NON_REF>	0.03	.	DP=0;MLEAC=0,0;MLEAF=NaN,NaN;RAW_MQ=0.00	GT:PGT:PID	./.:0|1:160870264_C_G
2	168873887	.	ATT	A,<NON_REF>	0	.	DP=2;MLEAC=0,0;MLEAF=NaN,NaN;RAW_MQ=7200.00	GT	./.
2	179325575	.	C	CA,<NON_REF>	0	.	DP=7;MLEAC=0,0;MLEAF=NaN,NaN;RAW_MQ=25444.00	GT	./.
2	202917824	.	C	T,<NON_REF>	0.03	.	DP=0;MLEAC=0,0;MLEAF=NaN,NaN;RAW_MQ=0.00	GT	./.
3	10254447	.	CT	C,<NON_REF>	0	.	DP=0;MLEAC=0,0;MLEAF=NaN,NaN;RAW_MQ=0.00	GT:PGT:PID	./.:0|1:10254447_CT_C
3	11923330	.	AAAG	A,<NON_REF>	0	.	DP=0;MLEAC=0,0;MLEAF=NaN,NaN;RAW_MQ=0.00	GT	./.
3	16007869	.	A	C,<NON_REF>	0.03	.	DP=0;MLEAC=0,0;MLEAF=NaN,NaN;RAW_MQ=0.00	GT:PGT:PID	./.:0|1:16007869_A_C
3	16007875	.	T	TTTTC,<NON_REF>	0	.	DP=0;MLEAC=0,0;MLEAF=NaN,NaN;RAW_MQ=0.00	GT:PGT:PID	./.:0|1:16007869_A_C
3	24260052	.	G	C,<NON_REF>	0.03	.	DP=0;MLEAC=0,0;MLEAF=NaN,NaN;RAW_MQ=0.00	GT:PGT:PID	./.:0|1:24260052_G_C
3	27082944	.	T	A,<NON_REF>	0.03	.	DP=1;MLEAC=0,0;MLEAF=NaN,NaN;RAW_MQ=1369.00	GT:PGT:PID	./.:0|1:27082944_T_A
3	27082951	.	A	G,<NON_REF>	0.03	.	DP=1;MLEAC=0,0;MLEAF=NaN,NaN;RAW_MQ=1369.00	GT:PGT:PID	./.:0|1:27082944_T_A
3	43968636	.	C	T,<NON_REF>	0.03	.	DP=1;MLEAC=0,0;MLEAF=NaN,NaN;RAW_MQ=1369.00	GT:PGT:PID	./.:0|1:43968636_C_T
3	57649190	.	C	CAA,<NON_REF>	0	.	DP=9;MLEAC=0,0;MLEAF=NaN,NaN;RAW_MQ=17346.00	GT	./.
3	61667842	.	G	A,<NON_REF>	0.03	.	DP=0;MLEAC=0,0;MLEAF=NaN,NaN;RAW_MQ=0.00	GT:PGT:PID	./.:0|1:61667842_G_A
3	61667843	.	T	A,<NON_REF>	0.03	.	DP=0;MLEAC=0,0;MLEAF=NaN,NaN;RAW_MQ=0.00	GT:PGT:PID	./.:0|1:61667842_G_A
3	61667844	.	G	A,<NON_REF>	0.03	.	DP=0;MLEAC=0,0;MLEAF=NaN,NaN;RAW_MQ=0.00	GT:PGT:PID	./.:0|1:61667842_G_A
3	141298911	.	G	GAAAAA,<NON_REF>	0	.	DP=1;MLEAC=0,0;MLEAF=NaN,NaN;RAW_MQ=4900.00	GT	./.
3	173912668	.	TGAGA	T,<NON_REF>	0	.	DP=0;MLEAC=0,0;MLEAF=NaN,NaN;RAW_MQ=0.00	GT:PGT:PID	./.:0|1:173912659_C_T
4	9382043	.	C	T,<NON_REF>	0.03	.	DP=1;MLEAC=0,0;MLEAF=NaN,NaN;RAW_MQ=1369.00	GT:PGT:PID	./.:0|1:9382029_G_T
4	55157134	.	G	T,<NON_REF>	0.03	.	DP=1;MLEAC=0,0;MLEAF=NaN,NaN;RAW_MQ=1369.00	GT	./.
4	68944684	.	T	G,<NON_REF>	0.03	.	DP=2;MLEAC=0,0;MLEAF=NaN,NaN;RAW_MQ=2738.00	GT	./.
4	73933558	.	C	CAAAAAA,<NON_REF>	0	.	DP=3;MLEAC=0,0;MLEAF=NaN,NaN;RAW_MQ=8041.00	GT	./.
4	76955519	.	G	A,<NON_REF>	0.03	.	DP=0;MLEAC=0,0;MLEAF=NaN,NaN;RAW_MQ=0.00	GT	./.
4	121213069	.	C	T,<NON_REF>	0.03	.	DP=1;MLEAC=0,0;MLEAF=NaN,NaN;RAW_MQ=841.00	GT:PGT:PID	./.:1|0:121213051_C_CTTTTTTTTTT
4	156629016	.	G	T,<NON_REF>	0.03	.	DP=0;MLEAC=0,0;MLEAF=NaN,NaN;RAW_MQ=0.00	GT:PGT:PID	./.:0|1:156628991_C_CTTTT
4	156629017	.	T	G,<NON_REF>	0.03	.	DP=0;MLEAC=0,0;MLEAF=NaN,NaN;RAW_MQ=0.00	GT:PGT:PID	./.:0|1:156628991_C_CTTTT
4	187988879	.	T	TC,<NON_REF>	0	.	DP=0;MLEAC=0,0;MLEAF=NaN,NaN;RAW_MQ=0.00	GT:PGT:PID	./.:0|1:187988879_T_TC
4	187988882	.	C	T,<NON_REF>	0.03	.	DP=0;MLEAC=0,0;MLEAF=NaN,NaN;RAW_MQ=0.00	GT:PGT:PID	./.:0|1:187988879_T_TC
5	12450752	.	G	GAA,<NON_REF>	0	.	DP=0;MLEAC=0,0;MLEAF=NaN,NaN;RAW_MQ=0.00	GT	./.
5	30975656	.	CTTT	C,<NON_REF>	0	.	DP=0;MLEAC=0,0;MLEAF=NaN,NaN;RAW_MQ=0.00	GT	./.
5	98600846	.	A	G,<NON_REF>	0.03	.	DP=0;MLEAC=0,0;MLEAF=NaN,NaN;RAW_MQ=0.00	GT:PGT:PID	./.:0|1:98600846_A_G
5	110491379	.	G	A,<NON_REF>	0.03	.	DP=0;MLEAC=0,0;MLEAF=NaN,NaN;RAW_MQ=0.00	GT	./.
5	130994600	.	C	CAAA,<NON_REF>	0	.	DP=8;MLEAC=0,0;MLEAF=NaN,NaN;RAW_MQ=26041.00	GT:PGT:PID	./.:0|1:130994600_C_CAAA
5	137423338	.	C	CA,<NON_REF>	0	.	DP=1;MLEAC=0,0;MLEAF=NaN,NaN;RAW_MQ=3600.00	GT	./.
5	138710129	.	AAC	A,<NON_REF>	0	.	DP=3;MLEAC=0,0;MLEAF=NaN,NaN;RAW_MQ=4107.00	GT:PGT:PID	./.:0|1:138710129_AAC_A
5	138710136	.	C	T,<NON_REF>	0.03	.	DP=2;MLEAC=0,0;MLEAF=NaN,NaN;RAW_MQ=2738.00	GT:PGT:PID	./.:0|1:138710129_AAC_A
6	29771905	.	C	G,<NON_REF>	0.03	.	DP=0;MLEAC=0,0;MLEAF=NaN,NaN;RAW_MQ=0.00	GT	./.
6	29884605	.	C	T,<NON_REF>	0.03	.	DP=0;MLEAC=0,0;MLEAF=NaN,NaN;RAW_MQ=0.00	GT	./.
6	29921302	.	T	C,<NON_REF>	0.03	.	DP=0;MLEAC=0,0;MLEAF=NaN,NaN;RAW_MQ=0.00	GT	./.
6	32522339	.	A	G,<NON_REF>	0.03	.	DP=0;MLEAC=0,0;MLEAF=NaN,NaN;RAW_MQ=0.00	GT	./.
6	32548050	.	G	A,<NON_REF>	0.03	.	DP=0;MLEAC=0,0;MLEAF=NaN,NaN;RAW_MQ=0.00	GT:PGT:PID	./.:0|1:32548050_G_A
6	32548060	.	GGAA	G,<NON_REF>	0	.	DP=0;MLEAC=0,0;MLEAF=NaN,NaN;RAW_MQ=0.00	GT:PGT:PID	./.:0|1:32548050_G_A
6	32549849	.	C	T,<NON_REF>	0.03	.	DP=0;MLEAC=0,0;MLEAF=NaN,NaN;RAW_MQ=0.00	GT:PGT:PID	./.:0|1:32549841_T_C
6	32549866	.	C	G,<NON_REF>	0.03	.	DP=0;MLEAC=0,0;MLEAF=NaN,NaN;RAW_MQ=0.00	GT	./.
6	32634755	.	C	T,<NON_REF>	0.03	.	DP=0;MLEAC=0,0;MLEAF=NaN,NaN;RAW_MQ=0.00	GT:PGT:PID	./.:0|1:32634755_C_T
6	32634756	.	A	G,<NON_REF>	0.03	.	DP=0;MLEAC=0,0;MLEAF=NaN,NaN;RAW_MQ=0.00	GT:PGT:PID	./.:0|1:32634755_C_T
6	32634763	.	A	T,<NON_REF>	0.03	.	DP=0;MLEAC=0,0;MLEAF=NaN,NaN;RAW_MQ=0.00	GT:PGT:PID	./.:0|1:32634755_C_T
6	32686468	.	C	T,<NON_REF>	0.03	.	DP=0;MLEAC=0,0;MLEAF=NaN,NaN;RAW_MQ=0.00	GT	./.
6	33402852	.	C	CAA,<NON_REF>	0	.	DP=6;MLEAC=0,0;MLEAF=NaN,NaN;RAW_MQ=21600.00	GT	./.
6	43573180	.	C	CT,<NON_REF>	0	.	DP=18;MLEAC=0,0;MLEAF=NaN,NaN;RAW_MQ=64800.00	GT	./.
6	56460795	.	ACTTT	A,<NON_REF>	0	.	DP=1;MLEAC=0,0;MLEAF=NaN,NaN;RAW_MQ=841.00	GT	./.
6	97349681	.	A	T,<NON_REF>	0.03	.	DP=2;MLEAC=0,0;MLEAF=NaN,NaN;RAW_MQ=1058.00	GT:PGT:PID	./.:0|1:97349681_A_T
6	97349682	.	G	C,<NON_REF>	0.03	.	DP=2;MLEAC=0,0;MLEAF=NaN,NaN;RAW_MQ=1058.00	GT:PGT:PID	./.:0|1:97349681_A_T
7	35222731	.	C	A,<NON_REF>	0.03	.	DP=0;MLEAC=0,0;MLEAF=NaN,NaN;RAW_MQ=0.00	GT:PGT:PID	./.:0|1:35222731_C_A
7	52892332	.	G	GTA,<NON_REF>	0	.	DP=0;MLEAC=0,0;MLEAF=NaN,NaN;RAW_MQ=0.00	GT:PGT:PID	./.:0|1:52892332_G_GTA
7	87515850	.	C	CA,<NON_REF>	0	.	DP=2;MLEAC=0,0;MLEAF=NaN,NaN;RAW_MQ=7200.00	GT	./.
7	107357810	.	CAAA	C,<NON_REF>	0	.	DP=3;MLEAC=0,0;MLEAF=NaN,NaN;RAW_MQ=8641.00	GT	./.
7	140011707	.	G	T,<NON_REF>	0.03	.	DP=0;MLEAC=0,0;MLEAF=NaN,NaN;RAW_MQ=0.00	GT:PGT:PID	./.:0|1:140011707_G_T
8	9588970	.	CA	C,<NON_REF>	0	.	DP=0;MLEAC=0,0;MLEAF=NaN,NaN;RAW_MQ=0.00	GT	./.
8	30407312	.	TCCC	T,<NON_REF>	0	.	DP=0;MLEAC=0,0;MLEAF=NaN,NaN;RAW_MQ=0.00	GT	./.
8	30988699	.	G	T,<NON_REF>	0.03	.	DP=1;MLEAC=0,0;MLEAF=NaN,NaN;RAW_MQ=841.00	GT:PGT:PID	./.:0|1:30988685_TGAGACAGAG_T
8	30988700	.	C	T,<NON_REF>	0.03	.	DP=1;MLEAC=0,0;MLEAF=NaN,NaN;RAW_MQ=841.00	GT:PGT:PID	./.:0|1:30988685_TGAGACAGAG_T
8	30988702	.	C	T,<NON_REF>	0.03	.	DP=1;MLEAC=0,0;MLEAF=NaN,NaN;RAW_MQ=841.00	GT:PGT:PID	./.:0|1:30988685_TGAGACAGAG_T
8	38248728	.	ACC	A,<NON_REF>	0	.	DP=0;MLEAC=0,0;MLEAF=NaN,NaN;RAW_MQ=0.00	GT:PGT:PID	./.:0|1:38248728_ACC_A
8	50797177	.	CT	C,<NON_REF>	0	.	DP=1;MLEAC=0,0;MLEAF=NaN,NaN;RAW_MQ=1369.00	GT:PGT:PID	./.:0|1:50797177_CT_C
8	69017915	.	AT	A,<NON_REF>	0	.	DP=0;MLEAC=0,0;MLEAF=NaN,NaN;RAW_MQ=0.00	GT	./.
8	101169885	.	T	TACACACACACACAC,<NON_REF>	0	.	DP=0;MLEAC=0,0;MLEAF=NaN,NaN;RAW_MQ=0.00	GT:PGT:PID	./.:0|1:101169885_T_TACACACACACACAC
9	14147280	.	GC	G,<NON_REF>	0	.	DP=0;MLEAC=0,0;MLEAF=NaN,NaN;RAW_MQ=0.00	GT	./.
9	19080172	.	C	CA,<NON_REF>	0	.	DP=1;MLEAC=0,0;MLEAF=NaN,NaN;RAW_MQ=3600.00	GT	./.
9	36336154	.	C	CAA,<NON_REF>	0	.	DP=3;MLEAC=0,0;MLEAF=NaN,NaN;RAW_MQ=7729.00	GT	./.
9	85042364	.	T	C,<NON_REF>	0.03	.	DP=2;MLEAC=0,0;MLEAF=NaN,NaN;RAW_MQ=1898.00	GT:PGT:PID	./.:0|1:85042364_T_C
9	85042365	.	G	A,<NON_REF>	0.03	.	DP=2;MLEAC=0,0;MLEAF=NaN,NaN;RAW_MQ=1898.00	GT:PGT:PID	./.:0|1:85042364_T_C
10	8555331	.	C	CT,<NON_REF>	0	.	DP=3;MLEAC=0,0;MLEAF=NaN,NaN;RAW_MQ=14700.00	GT:PGT:PID	./.:0|1:8555331_C_CT
10	8555337	.	TTCC	T,<NON_REF>	0	.	DP=3;MLEAC=0,0;MLEAF=NaN,NaN;RAW_MQ=14700.00	GT	./.
10	11299319	.	ACAGAAT	A,<NON_REF>	0	.	DP=0;MLEAC=0,0;MLEAF=NaN,NaN;RAW_MQ=0.00	GT	./.
10	13178505	.	C	CA,<NON_REF>	0	.	DP=4;MLEAC=0,0;MLEAF=NaN,NaN;RAW_MQ=12941.00	GT	./.
10	36544833	.	G	A,<NON_REF>	0.03	.	DP=0;MLEAC=0,0;MLEAF=NaN,NaN;RAW_MQ=0.00	GT	./.
10	53243073	.	A	G,<NON_REF>	0.03	.	DP=1;MLEAC=0,0;MLEAF=NaN,NaN;RAW_MQ=1369.00	GT:PGT:PID	./.:0|1:53243060_C_T
10	94994111	.	T	A,<NON_REF>	0.03	.	DP=0;MLEAC=0,0;MLEAF=NaN,NaN;RAW_MQ=0.00	GT:PGT:PID	./.:0|1:94994111_T_A
11	4743700	.	CTT	C,<NON_REF>	0	.	DP=5;MLEAC=0,0;MLEAF=NaN,NaN;RAW_MQ=18000.00	GT	./.
11	21955801	.	T	TGTGTGTG,<NON_REF>	0	.	DP=0;MLEAC=0,0;MLEAF=NaN,NaN;RAW_MQ=0.00	GT:PGT:PID	./.:0|1:21955784_A_G
11	56316462	.	CTTG	C,<NON_REF>	0	.	DP=1;MLEAC=0,0;MLEAF=NaN,NaN;RAW_MQ=3600.00	GT	./.
11	56316466	.	TTG	T,<NON_REF>	0	.	DP=1;MLEAC=0,0;MLEAF=NaN,NaN;RAW_MQ=3600.00	GT	./.
11	70117938	.	G	A,<NON_REF>	0.03	.	DP=0;MLEAC=0,0;MLEAF=NaN,NaN;RAW_MQ=0.00	GT:PGT:PID	./.:0|1:70117916_A_C
11	70117939	.	T	A,<NON_REF>	0.03	.	DP=0;MLEAC=0,0;MLEAF=NaN,NaN;RAW_MQ=0.00	GT:PGT:PID	./.:0|1:70117916_A_C
11	116646172	.	C	CA,<NON_REF>	0	.	DP=8;MLEAC=0,0;MLEAF=NaN,NaN;RAW_MQ=20523.00	GT	./.
12	22068432	.	G	A,<NON_REF>	0.03	.	DP=0;MLEAC=0,0;MLEAF=NaN,NaN;RAW_MQ=0.00	GT:PGT:PID	./.:0|1:22068406_GTATATA_G
12	22068434	.	G	A,<NON_REF>	0.03	.	DP=0;MLEAC=0,0;MLEAF=NaN,NaN;RAW_MQ=0.00	GT:PGT:PID	./.:0|1:22068406_GTATATA_G
12	39154237	.	G	GTATATATATATATATA,<NON_REF>	0	.	DP=1;MLEAC=0,0;MLEAF=NaN,NaN;RAW_MQ=4900.00	GT	./.
12	121693097	.	ATATATAATTT	A,<NON_REF>	0	.	DP=0;MLEAC=0,0;MLEAF=NaN,NaN;RAW_MQ=0.00	GT:PGT:PID	./.:0|1:121693097_ATATATAATTT_A
12	121693116	.	ATT	A,<NON_REF>	0	.	DP=0;MLEAC=0,0;MLEAF=NaN,NaN;RAW_MQ=0.00	GT:PGT:PID	./.:0|1:121693097_ATATATAATTT_A
12	121693128	.	TATAA	T,<NON_REF>	0	.	DP=0;MLEAC=0,0;MLEAF=NaN,NaN;RAW_MQ=0.00	GT:PGT:PID	./.:0|1:121693097_ATATATAATTT_A
12	121693137	.	ATATAATTT	A,<NON_REF>	0	.	DP=0;MLEAC=0,0;MLEAF=NaN,NaN;RAW_MQ=0.00	GT:PGT:PID	./.:0|1:121693097_ATATATAATTT_A
13	41635047	.	T	TGCTGCC,<NON_REF>	0	.	DP=0;MLEAC=0,0;MLEAF=NaN,NaN;RAW_MQ=0.00	GT	./.
13	41635050	.	T	TGCC,TGCCGCTGCC,<NON_REF>	0.01	.	DP=0;MLEAC=0,0,0;MLEAF=NaN,NaN,NaN;RAW_MQ=0.00	GT	./.
13	41635053	.	C	CGCT,<NON_REF>	0	.	DP=1;MLEAC=0,0;MLEAF=NaN,NaN;RAW_MQ=3600.00	GT	./.
13	52597821	.	T	C,<NON_REF>	0.03	.	DP=0;MLEAC=0,0;MLEAF=NaN,NaN;RAW_MQ=0.00	GT:PGT:PID	./.:0|1:52597821_T_C
13	52597825	.	TG	T,<NON_REF>	0	.	DP=0;MLEAC=0,0;MLEAF=NaN,NaN;RAW_MQ=0.00	GT:PGT:PID	./.:0|1:52597821_T_C
13	99294002	.	C	CA,<NON_REF>	0	.	DP=0;MLEAC=0,0;MLEAF=NaN,NaN;RAW_MQ=0.00	GT	./.
14	62798602	.	C	CACACACACAT,<NON_REF>	0	.	DP=0;MLEAC=0,0;MLEAF=NaN,NaN;RAW_MQ=0.00	GT	./.
14	68240251	.	C	CAA,<NON_REF>	0	.	DP=0;MLEAC=0,0;MLEAF=NaN,NaN;RAW_MQ=0.00	GT:PGT:PID	./.:0|1:68240251_C_CAA
14	90911898	.	C	T,<NON_REF>	0.03	.	DP=3;MLEAC=0,0;MLEAF=NaN,NaN;RAW_MQ=3363.00	GT	./.
14	106788821	.	T	A,<NON_REF>	0.03	.	DP=0;MLEAC=0,0;MLEAF=NaN,NaN;RAW_MQ=0.00	GT:PGT:PID	./.:0|1:106788821_T_A
14	106788824	.	A	T,<NON_REF>	0.03	.	DP=0;MLEAC=0,0;MLEAF=NaN,NaN;RAW_MQ=0.00	GT:PGT:PID	./.:0|1:106788821_T_A
14	106788827	.	GA	G,<NON_REF>	0	.	DP=0;MLEAC=0,0;MLEAF=NaN,NaN;RAW_MQ=0.00	GT:PGT:PID	./.:0|1:106788821_T_A
14	106788861	.	A	AGGCCGGGCGCGGTGGCTC,<NON_REF>	0	.	DP=0;MLEAC=0,0;MLEAF=NaN,NaN;RAW_MQ=0.00	GT:PGT:PID	./.:0|1:106788861_A_AGGCCGGGCGCGGTGGCTC
14	106788862	.	A	ACGCCTGTAATCCCAGCACTTTGGGAGGCCG,<NON_REF>	0	.	DP=0;MLEAC=0,0;MLEAF=NaN,NaN;RAW_MQ=0.00	GT:PGT:PID	./.:0|1:106788861_A_AGGCCGGGCGCGGTGGCTC
15	34638862	.	T	C,<NON_REF>	0.03	.	DP=0;MLEAC=0,0;MLEAF=NaN,NaN;RAW_MQ=0.00	GT:PGT:PID	./.:0|1:34638841_A_G
15	34638865	.	C	CATGT,<NON_REF>	0	.	DP=0;MLEAC=0,0;MLEAF=NaN,NaN;RAW_MQ=0.00	GT:PGT:PID	./.:0|1:34638841_A_G
15	63569647	.	G	C,<NON_REF>	0.03	.	DP=1;MLEAC=0,0;MLEAF=NaN,NaN;RAW_MQ=841.00	GT:PGT:PID	./.:0|1:63569647_G_C
15	63569653	.	A	C,<NON_REF>	0.03	.	DP=1;MLEAC=0,0;MLEAF=NaN,NaN;RAW_MQ=841.00	GT:PGT:PID	./.:0|1:63569647_G_C
15	75045211	.	C	CTTT,<NON_REF>	0	.	DP=2;MLEAC=0,0;MLEAF=NaN,NaN;RAW_MQ=4441.00	GT:PGT:PID	./.:0|1:75045211_C_CTTT
15	86284957	.	AAAC	A,<NON_REF>	0	.	DP=0;MLEAC=0,0;MLEAF=NaN,NaN;RAW_MQ=0.00	GT	./.
16	4670396	.	G	A,<NON_REF>	0.03	.	DP=1;MLEAC=0,0;MLEAF=NaN,NaN;RAW_MQ=1369.00	GT:PGT:PID	./.:0|1:4670396_G_A
16	5661750	.	TTCACCCTTCTTTTCAGTCTC	T,<NON_REF>	0	.	DP=0;MLEAC=0,0;MLEAF=NaN,NaN;RAW_MQ=0.00	GT	./.
16	5661760	.	T	C,<NON_REF>	0.03	.	DP=0;MLEAC=0,0;MLEAF=NaN,NaN;RAW_MQ=0.00	GT	./.
16	77356051	.	CAA	C,<NON_REF>	0	.	DP=12;MLEAC=0,0;MLEAF=NaN,NaN;RAW_MQ=40441.00	GT	./.
16	88073313	.	G	A,<NON_REF>	0.03	.	DP=0;MLEAC=0,0;MLEAF=NaN,NaN;RAW_MQ=0.00	GT	./.
17	723317	.	A	G,<NON_REF>	0.03	.	DP=0;MLEAC=0,0;MLEAF=NaN,NaN;RAW_MQ=0.00	GT	./.
17	8679215	.	T	C,<NON_REF>	0.03	.	DP=0;MLEAC=0,0;MLEAF=NaN,NaN;RAW_MQ=0.00	GT:PGT:PID	./.:0|1:8679208_T_G
17	12852068	.	C	CACACACACACACACACACACACA,<NON_REF>	0	.	DP=0;MLEAC=0,0;MLEAF=NaN,NaN;RAW_MQ=0.00	GT	./.
17	30711793	.	GT	G,<NON_REF>	0	.	DP=2;MLEAC=0,0;MLEAF=NaN,NaN;RAW_MQ=4441.00	GT:PGT:PID	./.:0|1:30711793_GT_G
17	43677448	.	G	GCCTC,<NON_REF>	0	.	DP=0;MLEAC=0,0;MLEAF=NaN,NaN;RAW_MQ=0.00	GT	./.
17	79326359	.	C	G,<NON_REF>	0.03	.	DP=1;MLEAC=0,0;MLEAF=NaN,NaN;RAW_MQ=1369.00	GT:PGT:PID	./.:0|1:79326356_C_G
17	79968391	.	T	C,<NON_REF>	0.03	.	DP=0;MLEAC=0,0;MLEAF=NaN,NaN;RAW_MQ=0.00	GT	./.
18	560019	.	A	G,<NON_REF>	0.03	.	DP=1;MLEAC=0,0;MLEAF=NaN,NaN;RAW_MQ=1369.00	GT:PGT:PID	./.:0|1:560019_A_G
18	39024639	.	T	TTTG,<NON_REF>	0	.	DP=1;MLEAC=0,0;MLEAF=NaN,NaN;RAW_MQ=3600.00	GT	./.
18	63891013	.	T	C,<NON_REF>	0.03	.	DP=1;MLEAC=0,0;MLEAF=NaN,NaN;RAW_MQ=1369.00	GT:PGT:PID	./.:0|1:63891013_T_C
18	67276700	.	C	T,<NON_REF>	0.03	.	DP=0;MLEAC=0,0;MLEAF=NaN,NaN;RAW_MQ=0.00	GT:PGT:PID	./.:0|1:67276700_C_T
18	77801700	.	G	A,<NON_REF>	0.03	.	DP=0;MLEAC=0,0;MLEAF=NaN,NaN;RAW_MQ=0.00	GT	./.
19	7755986	.	T	C,<NON_REF>	0.03	.	DP=0;MLEAC=0,0;MLEAF=NaN,NaN;RAW_MQ=0.00	GT:PGT:PID	./.:0|1:7755986_T_C
19	8258090	.	G	A,<NON_REF>	0.03	.	DP=0;MLEAC=0,0;MLEAF=NaN,NaN;RAW_MQ=0.00	GT	./.
19	11502490	.	G	T,<NON_REF>	0.03	.	DP=0;MLEAC=0,0;MLEAF=NaN,NaN;RAW_MQ=0.00	GT:PGT:PID	./.:0|1:11502490_G_T
19	13959031	.	C	CA,<NON_REF>	0	.	DP=1;MLEAC=0,0;MLEAF=NaN,NaN;RAW_MQ=3600.00	GT	./.
19	21603393	.	T	TTATATATA,<NON_REF>	0	.	DP=4;MLEAC=0,0;MLEAF=NaN,NaN;RAW_MQ=8882.00	GT	./.
19	35588283	.	T	TA,<NON_REF>	0	.	DP=1;MLEAC=0,0;MLEAF=NaN,NaN;RAW_MQ=3600.00	GT	./.
19	45152699	.	C	CT,<NON_REF>	0	.	DP=0;MLEAC=0,0;MLEAF=NaN,NaN;RAW_MQ=0.00	GT:PGT:PID	./.:0|1:45152699_C_CT
19	50904624	.	G	GTATATATA,<NON_REF>	0	.	DP=1;MLEAC=0,0;MLEAF=NaN,NaN;RAW_MQ=3600.00	GT	./.
19	53944800	.	A	G,<NON_REF>	0.03	.	DP=0;MLEAC=0,0;MLEAF=NaN,NaN;RAW_MQ=0.00	GT	./.
20	15283033	.	C	T,<NON_REF>	0.03	.	DP=0;MLEAC=0,0;MLEAF=NaN,NaN;RAW_MQ=0.00	GT	./.
20	35801937	.	TTTA	T,<NON_REF>	0	.	DP=0;MLEAC=0,0;MLEAF=NaN,NaN;RAW_MQ=0.00	GT:PGT:PID	./.:0|1:35801937_TTTA_T
20	35801943	.	C	G,<NON_REF>	0.03	.	DP=0;MLEAC=0,0;MLEAF=NaN,NaN;RAW_MQ=0.00	GT:PGT:PID	./.:0|1:35801937_TTTA_T
20	36443717	.	C	CT,<NON_REF>	0	.	DP=0;MLEAC=0,0;MLEAF=NaN,NaN;RAW_MQ=0.00	GT:PGT:PID	./.:0|1:36443717_C_CT
21	47419933	.	T	TG,<NON_REF>	0	.	DP=0;MLEAC=0,0;MLEAF=NaN,NaN;RAW_MQ=0.00	GT:PGT:PID	./.:0|1:47419933_T_TG
21	47419939	.	ACC	A,<NON_REF>	0	.	DP=0;MLEAC=0,0;MLEAF=NaN,NaN;RAW_MQ=0.00	GT:PGT:PID	./.:0|1:47419933_T_TG
22	49560457	.	A	G,<NON_REF>	0.03	.	DP=0;MLEAC=0,0;MLEAF=NaN,NaN;RAW_MQ=0.00	GT:PGT:PID	./.:0|1:49560434_G_A
22	49560459	.	T	G,<NON_REF>	0.03	.	DP=0;MLEAC=0,0;MLEAF=NaN,NaN;RAW_MQ=0.00	GT:PGT:PID	./.:0|1:49560434_G_A
22	49560462	.	C	G,<NON_REF>	0.03	.	DP=0;MLEAC=0,0;MLEAF=NaN,NaN;RAW_MQ=0.00	GT:PGT:PID	./.:0|1:49560434_G_A
X	294838	.	T	C,<NON_REF>	0.03	.	DP=0;MLEAC=0,0;MLEAF=NaN,NaN;RAW_MQ=0.00	GT	./.
X	119576083	.	C	CA,<NON_REF>	0	.	DP=4;MLEAC=0,0;MLEAF=NaN,NaN;RAW_MQ=11641.00	GT	./.
X	125169032	.	G	A,<NON_REF>	0.03	.	DP=0;MLEAC=0,0;MLEAF=NaN,NaN;RAW_MQ=0.00	GT:PGT:PID	./.:0|1:125169032_G_A
X	154147061	.	G	GT,<NON_REF>	0	.	DP=2;MLEAC=0,0;MLEAF=NaN,NaN;RAW_MQ=7200.00	GT	./.
